Loaded 87507/87599 examples from train
Loaded 10544/10570 examples from dev
{ 'answer_dir': 'out_newsqa/basic/00/answer',
  'answer_func': 'linear',
  'answer_path': '',
  'batch_size': 30,
  'c2q_att': True,
  'char_count_th': 50,
  'char_emb_size': 8,
  'char_out_size': 100,
  'char_vocab_size': 281,
  'cluster': True,
  'cpu_opt': False,
  'data_dir': 'data/squad',
  'data_filter': 'max',
  'debug': True,
  'decay': 0.9,
  'device': '/gpu:0',
  'device_type': 'gpu',
  'dump_answer': True,
  'dump_eval': True,
  'dump_pickle': True,
  'dynamic_att': False,
  'emb_mat': array([[-0.29991695,  0.4872107 ,  0.85038245, ..., -2.11896434,
        -0.15345021, -0.87873365],
       [-0.93361128, -0.13357135,  0.55027352, ...,  1.01816484,
         1.79033594, -1.5506832 ],
       [ 1.20045934,  0.41282567,  1.02224827, ...,  1.72074258,
         1.46318434,  1.15166795],
       ...,
       [ 0.44005952,  0.81380504,  1.09662352, ...,  1.82004268,
        -0.85367601,  0.31608185],
       [-0.71216317,  0.12203577,  1.37869393, ..., -0.89356015,
        -0.39350753,  1.0159409 ],
       [ 0.66593821, -0.90986078, -1.1718648 , ...,  0.42098678,
        -1.00096754,  0.89655793]]),
  'eval': True,
  'eval_dir': 'out_newsqa/basic/00/eval',
  'eval_path': '',
  'eval_period': 1,
  'filter_heights': '5',
  'finetune': False,
  'forward_name': 'single',
  'hidden_size': 100,
  'highway': True,
  'highway_num_layers': 2,
  'init_lr': 0.5,
  'input_keep_prob': 0.8,
  'keep_prob': 0.8,
  'known_if_glove': True,
  'len_opt': True,
  'load': False,
  'load_ema': True,
  'load_path': '',
  'load_step': 0,
  'log_dir': 'out_newsqa/basic/00/log',
  'log_period': 1,
  'logit_func': 'tri_linear',
  'lower_word': True,
  'max_num_sents': 1,
  'max_para_size': 256,
  'max_ques_size': 30,
  'max_sent_size': 400,
  'max_to_keep': 20,
  'max_word_size': 16,
  'mode': 'train',
  'model_name': 'basic',
  'num_epochs': 12,
  'num_gpus': 2,
  'num_sents_th': 8,
  'num_steps': 2,
  'out_base_dir': 'out_newsqa',
  'out_channel_dims': '100',
  'out_dir': 'out_newsqa/basic/00',
  'para_size_th': 256,
  'progress': True,
  'q2c_att': True,
  'ques_size_th': 30,
  'run_id': '0',
  'save_dir': 'out_newsqa/basic/00/save',
  'save_period': 1,
  'sent_size_th': 400,
  'sh_logit_func': 'tri_linear',
  'share_cnn_weights': True,
  'share_lstm_weights': True,
  'shared_path': '',
  'single': False,
  'squash': False,
  'swap_memory': True,
  'test_num_batches': 2,
  'use_char_emb': True,
  'use_glove_for_unk': True,
  'use_word_emb': True,
  'val_num_batches': 2,
  'var_decay': 0.999,
  'vis': False,
  'wd': 0.0,
  'word_count_th': 10,
  'word_emb_size': 100,
  'word_size_th': 16,
  'word_vocab_size': 1224}
Loaded 5166/5166 examples from test
{ 'answer_dir': 'out_newsqa/basic/00/answer',
  'answer_func': 'linear',
  'answer_path': '',
  'batch_size': 60,
  'c2q_att': True,
  'char_count_th': 50,
  'char_emb_size': 8,
  'char_out_size': 100,
  'char_vocab_size': 281,
  'cluster': True,
  'cpu_opt': False,
  'data_dir': 'data/newsqa',
  'data_filter': 'max',
  'debug': False,
  'decay': 0.9,
  'device': '/cpu:0',
  'device_type': 'gpu',
  'dump_answer': True,
  'dump_eval': True,
  'dump_pickle': True,
  'dynamic_att': False,
  'eval': True,
  'eval_dir': 'out_newsqa/basic/00/eval',
  'eval_path': '',
  'eval_period': 1000,
  'filter_heights': '5',
  'finetune': False,
  'forward_name': 'single',
  'hidden_size': 100,
  'highway': True,
  'highway_num_layers': 2,
  'init_lr': 0.5,
  'input_keep_prob': 0.8,
  'keep_prob': 0.8,
  'known_if_glove': True,
  'len_opt': True,
  'load': True,
  'load_ema': True,
  'load_path': '',
  'load_step': 0,
  'log_dir': 'out_newsqa/basic/00/log',
  'log_period': 100,
  'logit_func': 'tri_linear',
  'lower_word': True,
  'max_num_sents': 1,
  'max_para_size': 2321,
  'max_ques_size': 25,
  'max_sent_size': 2321,
  'max_to_keep': 20,
  'max_word_size': 16,
  'mode': 'test',
  'model_name': 'basic',
  'new_emb_mat': array([[ 0.1596   , -0.0012481,  0.026265 , ..., -0.60625  , -0.10117  ,
        -0.28478  ],
       [-0.13887  ,  1.0912   , -0.48867  , ...,  0.78185  ,  0.904    ,
         0.38177  ],
       [-0.21922  , -0.20004  , -0.039253 , ...,  0.45783  , -0.063852 ,
         0.47761  ],
       ...,
       [ 0.078165 ,  0.34212  , -0.035253 , ...,  0.40559  ,  0.0452   ,
        -0.65116  ],
       [ 0.066894 ,  0.067771 ,  0.67797  , ..., -0.049597 , -0.30154  ,
         0.21477  ],
       [-0.1225   ,  0.05784  ,  0.37478  , ...,  0.18925  ,  0.78799  ,
         0.32344  ]], dtype=float32),
  'num_epochs': 12,
  'num_gpus': 2,
  'num_sents_th': 8,
  'num_steps': 20000,
  'out_base_dir': 'out_newsqa',
  'out_channel_dims': '100',
  'out_dir': 'out_newsqa/basic/00',
  'para_size_th': 256,
  'progress': True,
  'q2c_att': True,
  'ques_size_th': 30,
  'run_id': '0',
  'save_dir': 'out_newsqa/basic/00/save',
  'save_period': 1000,
  'sent_size_th': 400,
  'sh_logit_func': 'tri_linear',
  'share_cnn_weights': True,
  'share_lstm_weights': True,
  'shared_path': '',
  'single': False,
  'squash': False,
  'swap_memory': True,
  'test_num_batches': 0,
  'use_char_emb': True,
  'use_glove_for_unk': True,
  'use_word_emb': True,
  'val_num_batches': 100,
  'var_decay': 0.999,
  'vis': False,
  'wd': 0.0,
  'word_count_th': 10,
  'word_emb_size': 100,
  'word_size_th': 16,
  'word_vocab_size': 1224}
Loading saved model from out_newsqa/basic/00/save/basic-2
test step 2: accuracy=0.0000, f1=0.0129, loss=13.0793
dumping answer ...
dumping eval ...
