Loaded 87507/87599 examples from train
Loaded 10544/10570 examples from dev
{ 'answer_dir': 'out_marco/basic/00/answer',
  'answer_func': 'linear',
  'answer_path': '',
  'batch_size': 30,
  'c2q_att': True,
  'char_count_th': 50,
  'char_emb_size': 8,
  'char_out_size': 100,
  'char_vocab_size': 281,
  'cluster': True,
  'cpu_opt': False,
  'data_dir': 'data/squad',
  'data_filter': 'max',
  'debug': True,
  'decay': 0.9,
  'device': '/gpu:0',
  'device_type': 'gpu',
  'dump_answer': True,
  'dump_eval': True,
  'dump_pickle': True,
  'dynamic_att': False,
  'emb_mat': array([[ 0.9757103 ,  1.7151613 ,  1.66874817, ...,  0.50010768,
        -0.1960116 , -1.72365579],
       [-0.34004273,  0.9155419 ,  0.92998236, ...,  0.1914905 ,
         0.27946265, -1.366352  ],
       [ 0.41247701,  0.23797012,  1.28317292, ..., -0.73464955,
        -0.14487733, -1.29973609],
       ...,
       [-1.33396463,  0.19948832,  0.40122945, ...,  0.97644197,
         1.29736697,  0.1115453 ],
       [-0.86736743, -0.43669609,  0.05350455, ...,  0.61532478,
         0.99229624, -0.76880702],
       [-0.92340644,  0.07473768,  0.23837962, ..., -0.61496521,
        -0.54765746,  0.37870442]]),
  'eval': True,
  'eval_dir': 'out_marco/basic/00/eval',
  'eval_path': '',
  'eval_period': 1,
  'filter_heights': '5',
  'finetune': False,
  'forward_name': 'single',
  'hidden_size': 100,
  'highway': True,
  'highway_num_layers': 2,
  'init_lr': 0.5,
  'input_keep_prob': 0.8,
  'keep_prob': 0.8,
  'known_if_glove': True,
  'len_opt': True,
  'load': False,
  'load_ema': True,
  'load_path': '',
  'load_step': 0,
  'log_dir': 'out_marco/basic/00/log',
  'log_period': 1,
  'logit_func': 'tri_linear',
  'lower_word': True,
  'max_num_sents': 1,
  'max_para_size': 256,
  'max_ques_size': 30,
  'max_sent_size': 400,
  'max_to_keep': 20,
  'max_word_size': 16,
  'mode': 'train',
  'model_name': 'basic',
  'num_epochs': 12,
  'num_gpus': 2,
  'num_sents_th': 8,
  'num_steps': 2,
  'out_base_dir': 'out_marco',
  'out_channel_dims': '100',
  'out_dir': 'out_marco/basic/00',
  'para_size_th': 256,
  'progress': True,
  'q2c_att': True,
  'ques_size_th': 30,
  'run_id': '0',
  'save_dir': 'out_marco/basic/00/save',
  'save_period': 1,
  'sent_size_th': 400,
  'sh_logit_func': 'tri_linear',
  'share_cnn_weights': True,
  'share_lstm_weights': True,
  'shared_path': '',
  'single': False,
  'squash': False,
  'swap_memory': True,
  'test_num_batches': 2,
  'use_char_emb': True,
  'use_glove_for_unk': True,
  'use_word_emb': True,
  'val_num_batches': 2,
  'var_decay': 0.999,
  'vis': False,
  'wd': 0.0,
  'word_count_th': 10,
  'word_emb_size': 100,
  'word_size_th': 16,
  'word_vocab_size': 1224}
Loaded 8288/8288 examples from test
