Loaded 8288/8288 examples from test
{ 'answer_dir': 'out_newsqa/basic/00/answer',
  'answer_func': 'linear',
  'answer_path': '',
  'batch_size': 60,
  'c2q_att': True,
  'char_count_th': 50,
  'char_emb_size': 8,
  'char_out_size': 100,
  'char_vocab_size': 281,
  'cluster': True,
  'cpu_opt': False,
  'data_dir': 'data/marco',
  'data_filter': 'max',
  'debug': False,
  'decay': 0.9,
  'device': '/cpu:0',
  'device_type': 'gpu',
  'dump_answer': True,
  'dump_eval': True,
  'dump_pickle': True,
  'dynamic_att': False,
  'eval': True,
  'eval_dir': 'out_newsqa/basic/00/eval',
  'eval_path': '',
  'eval_period': 1000,
  'filter_heights': '5',
  'finetune': False,
  'forward_name': 'single',
  'hidden_size': 100,
  'highway': True,
  'highway_num_layers': 2,
  'init_lr': 0.5,
  'input_keep_prob': 0.8,
  'keep_prob': 0.8,
  'known_if_glove': True,
  'len_opt': True,
  'load': True,
  'load_ema': True,
  'load_path': '',
  'load_step': 0,
  'log_dir': 'out_newsqa/basic/00/log',
  'log_period': 100,
  'logit_func': 'tri_linear',
  'lower_word': True,
  'max_num_sents': 1,
  'max_para_size': 1291,
  'max_ques_size': 27,
  'max_sent_size': 1291,
  'max_to_keep': 20,
  'max_word_size': 16,
  'mode': 'test',
  'model_name': 'basic',
  'new_emb_mat': array([[-0.06279 , -0.25177 ,  0.55603 , ..., -0.06589 , -0.38309 ,
         0.51031 ],
       [ 0.062407,  0.045053,  0.032668, ...,  0.083305,  0.31597 ,
        -0.18256 ],
       [ 0.16947 , -0.21782 ,  0.22318 , ..., -0.22315 ,  0.22209 ,
         0.854   ],
       ...,
       [ 0.16981 , -0.42555 , -0.70283 , ..., -0.28068 , -0.72689 ,
         0.9029  ],
       [-0.71511 , -0.422   , -0.31427 , ...,  0.15952 ,  0.19083 ,
         0.26083 ],
       [ 1.0776  ,  0.016552, -0.14899 , ...,  0.58366 , -0.96749 ,
        -0.74402 ]], dtype=float32),
  'num_epochs': 12,
  'num_gpus': 2,
  'num_sents_th': 8,
  'num_steps': 20000,
  'out_base_dir': 'out_newsqa',
  'out_channel_dims': '100',
  'out_dir': 'out_newsqa/basic/00',
  'para_size_th': 256,
  'progress': True,
  'q2c_att': True,
  'ques_size_th': 30,
  'run_id': '0',
  'save_dir': 'out_newsqa/basic/00/save',
  'save_period': 1000,
  'sent_size_th': 400,
  'sh_logit_func': 'tri_linear',
  'share_cnn_weights': True,
  'share_lstm_weights': True,
  'shared_path': '',
  'single': False,
  'squash': False,
  'swap_memory': True,
  'test_num_batches': 0,
  'use_char_emb': True,
  'use_glove_for_unk': True,
  'use_word_emb': True,
  'val_num_batches': 100,
  'var_decay': 0.999,
  'vis': False,
  'wd': 0.0,
  'word_count_th': 10,
  'word_emb_size': 100,
  'word_size_th': 16,
  'word_vocab_size': 1224}
Loading saved model from out_newsqa/basic/00/save/basic-12000
test step 12000: accuracy=0.0133, f1=0.1066, loss=13.4486
dumping answer ...
dumping eval ...
