Loaded 8288/8288 examples from test
{ 'answer_dir': 'out_marco/basic/00/answer',
  'answer_func': 'linear',
  'answer_path': '',
  'batch_size': 60,
  'c2q_att': True,
  'char_count_th': 50,
  'char_emb_size': 8,
  'char_out_size': 100,
  'char_vocab_size': 281,
  'cluster': True,
  'cpu_opt': False,
  'data_dir': 'data/marco',
  'data_filter': 'max',
  'debug': False,
  'decay': 0.9,
  'device': '/cpu:0',
  'device_type': 'gpu',
  'dump_answer': True,
  'dump_eval': True,
  'dump_pickle': True,
  'dynamic_att': False,
  'eval': True,
  'eval_dir': 'out_marco/basic/00/eval',
  'eval_path': '',
  'eval_period': 1000,
  'filter_heights': '5',
  'finetune': False,
  'forward_name': 'single',
  'hidden_size': 100,
  'highway': True,
  'highway_num_layers': 2,
  'init_lr': 0.5,
  'input_keep_prob': 0.8,
  'keep_prob': 0.8,
  'known_if_glove': True,
  'len_opt': True,
  'load': True,
  'load_ema': True,
  'load_path': '',
  'load_step': 0,
  'log_dir': 'out_marco/basic/00/log',
  'log_period': 100,
  'logit_func': 'tri_linear',
  'lower_word': True,
  'max_num_sents': 1,
  'max_para_size': 1291,
  'max_ques_size': 27,
  'max_sent_size': 1291,
  'max_to_keep': 20,
  'max_word_size': 16,
  'mode': 'test',
  'model_name': 'basic',
  'new_emb_mat': array([[-0.0080788, -0.66842  , -0.068391 , ...,  0.10373  , -0.34945  ,
        -0.23903  ],
       [-0.49886  ,  0.76602  ,  0.89751  , ..., -0.41179  ,  0.40539  ,
         0.78504  ],
       [ 0.543    ,  0.061606 ,  0.73285  , ..., -1.6256   ,  0.2171   ,
        -0.52768  ],
       ...,
       [-1.2256   , -0.10199  ,  0.32821  , ..., -1.1679   ,  0.15736  ,
        -0.22168  ],
       [ 0.24714  ,  0.5264   , -0.11322  , ...,  0.092066 ,  0.55591  ,
        -0.3784   ],
       [-0.045965 ,  0.59774  ,  0.49941  , ..., -0.32679  , -0.2368   ,
        -0.47292  ]], dtype=float32),
  'num_epochs': 12,
  'num_gpus': 2,
  'num_sents_th': 8,
  'num_steps': 20000,
  'out_base_dir': 'out_marco',
  'out_channel_dims': '100',
  'out_dir': 'out_marco/basic/00',
  'para_size_th': 256,
  'progress': True,
  'q2c_att': True,
  'ques_size_th': 30,
  'run_id': '0',
  'save_dir': 'out_marco/basic/00/save',
  'save_period': 1000,
  'sent_size_th': 400,
  'sh_logit_func': 'tri_linear',
  'share_cnn_weights': True,
  'share_lstm_weights': True,
  'shared_path': '',
  'single': False,
  'squash': False,
  'swap_memory': True,
  'test_num_batches': 0,
  'use_char_emb': True,
  'use_glove_for_unk': True,
  'use_word_emb': True,
  'val_num_batches': 100,
  'var_decay': 0.999,
  'vis': False,
  'wd': 0.0,
  'word_count_th': 10,
  'word_emb_size': 100,
  'word_size_th': 16,
  'word_vocab_size': 1224}
Loading saved model from out_marco/basic/00/save/basic-2
test step 2: accuracy=0.0000, f1=0.0445, loss=12.9601
dumping answer ...
dumping eval ...
