Exception:
Traceback (most recent call last):
  File "/cm/shared/apps/python/3.5.2/lib/python3.5/site-packages/pip/basecommand.py", line 215, in main
    status = self.run(options, args)
  File "/cm/shared/apps/python/3.5.2/lib/python3.5/site-packages/pip/commands/uninstall.py", line 76, in run
    requirement_set.uninstall(auto_confirm=options.yes)
  File "/cm/shared/apps/python/3.5.2/lib/python3.5/site-packages/pip/req/req_set.py", line 346, in uninstall
    req.uninstall(auto_confirm=auto_confirm)
  File "/cm/shared/apps/python/3.5.2/lib/python3.5/site-packages/pip/req/req_install.py", line 754, in uninstall
    paths_to_remove.remove(auto_confirm)
  File "/cm/shared/apps/python/3.5.2/lib/python3.5/site-packages/pip/req/req_uninstall.py", line 103, in remove
    response = ask('Proceed (y/n)? ', ('y', 'n'))
  File "/cm/shared/apps/python/3.5.2/lib/python3.5/site-packages/pip/utils/__init__.py", line 158, in ask
    response = input(message)
EOFError: EOF when reading a line
I tensorflow/stream_executor/dso_loader.cc:111] successfully opened CUDA library libcublas.so locally
I tensorflow/stream_executor/dso_loader.cc:111] successfully opened CUDA library libcudnn.so locally
I tensorflow/stream_executor/dso_loader.cc:111] successfully opened CUDA library libcufft.so locally
I tensorflow/stream_executor/dso_loader.cc:111] successfully opened CUDA library libcuda.so.1 locally
I tensorflow/stream_executor/dso_loader.cc:111] successfully opened CUDA library libcurand.so locally
I tensorflow/core/common_runtime/gpu/gpu_device.cc:951] Found device 0 with properties: 
name: GeForce GTX TITAN X
major: 5 minor: 2 memoryClockRate (GHz) 1.076
pciBusID 0000:02:00.0
Total memory: 11.95GiB
Free memory: 11.84GiB
I tensorflow/core/common_runtime/gpu/gpu_device.cc:972] DMA: 0 
I tensorflow/core/common_runtime/gpu/gpu_device.cc:982] 0:   Y 
I tensorflow/core/common_runtime/gpu/gpu_device.cc:1041] Creating TensorFlow device (/gpu:0) -> (device: 0, name: GeForce GTX TITAN X, pci bus id: 0000:02:00.0)
  0%|          | 0/2 [00:00<?, ?it/s]I tensorflow/core/common_runtime/gpu/pool_allocator.cc:245] PoolAllocator: After 103904 get requests, put_count=34153 evicted_count=1000 eviction_rate=0.02928 and unsatisfied allocation rate=0.681889
I tensorflow/core/common_runtime/gpu/pool_allocator.cc:257] Raising pool_size_limit_ from 100 to 110
I tensorflow/core/common_runtime/gpu/pool_allocator.cc:245] PoolAllocator: After 12107 get requests, put_count=22117 evicted_count=10000 eviction_rate=0.452141 and unsatisfied allocation rate=0
I tensorflow/core/common_runtime/gpu/pool_allocator.cc:245] PoolAllocator: After 23015 get requests, put_count=43024 evicted_count=20000 eviction_rate=0.464857 and unsatisfied allocation rate=4.34499e-05
I tensorflow/core/common_runtime/gpu/pool_allocator.cc:245] PoolAllocator: After 35017 get requests, put_count=65026 evicted_count=30000 eviction_rate=0.461354 and unsatisfied allocation rate=2.85576e-05
I tensorflow/core/common_runtime/gpu/pool_allocator.cc:245] PoolAllocator: After 45928 get requests, put_count=85936 evicted_count=40000 eviction_rate=0.465463 and unsatisfied allocation rate=4.35464e-05
I tensorflow/core/common_runtime/gpu/pool_allocator.cc:245] PoolAllocator: After 57928 get requests, put_count=107936 evicted_count=50000 eviction_rate=0.463237 and unsatisfied allocation rate=3.45256e-05
I tensorflow/core/common_runtime/gpu/pool_allocator.cc:245] PoolAllocator: After 68897 get requests, put_count=128904 evicted_count=60000 eviction_rate=0.465463 and unsatisfied allocation rate=4.35433e-05

  0%|          | 0/2 [00:00<?, ?it/s]I tensorflow/core/common_runtime/gpu/pool_allocator.cc:245] PoolAllocator: After 108587 get requests, put_count=178305 evicted_count=70000 eviction_rate=0.392586 and unsatisfied allocation rate=0.00268909
I tensorflow/core/common_runtime/gpu/pool_allocator.cc:257] Raising pool_size_limit_ from 110 to 121
[A
 50%|█████     | 1/2 [00:02<00:02,  2.10s/it][A
100%|██████████| 2/2 [00:03<00:00,  2.04s/it][A
[A
  0%|          | 0/2 [00:00<?, ?it/s][A
 50%|█████     | 1/2 [00:01<00:01,  1.91s/it][A
100%|██████████| 2/2 [00:03<00:00,  1.85s/it][A
[A 50%|█████     | 1/2 [00:19<00:19, 19.87s/it]I tensorflow/core/common_runtime/gpu/pool_allocator.cc:245] PoolAllocator: After 9602 get requests, put_count=17615 evicted_count=8000 eviction_rate=0.454158 and unsatisfied allocation rate=0
I tensorflow/core/common_runtime/gpu/pool_allocator.cc:245] PoolAllocator: After 21300 get requests, put_count=39313 evicted_count=18000 eviction_rate=0.457864 and unsatisfied allocation rate=0
I tensorflow/core/common_runtime/gpu/pool_allocator.cc:245] PoolAllocator: After 32510 get requests, put_count=60522 evicted_count=28000 eviction_rate=0.462642 and unsatisfied allocation rate=3.07598e-05
I tensorflow/core/common_runtime/gpu/pool_allocator.cc:245] PoolAllocator: After 44070 get requests, put_count=82082 evicted_count=38000 eviction_rate=0.462952 and unsatisfied allocation rate=2.26912e-05
I tensorflow/core/common_runtime/gpu/pool_allocator.cc:245] PoolAllocator: After 55422 get requests, put_count=103433 evicted_count=48000 eviction_rate=0.464069 and unsatisfied allocation rate=3.60868e-05
I tensorflow/core/common_runtime/gpu/pool_allocator.cc:245] PoolAllocator: After 66851 get requests, put_count=124862 evicted_count=58000 eviction_rate=0.464513 and unsatisfied allocation rate=2.99173e-05
I tensorflow/core/common_runtime/gpu/pool_allocator.cc:245] PoolAllocator: After 80461 get requests, put_count=148471 evicted_count=68000 eviction_rate=0.458002 and unsatisfied allocation rate=3.72851e-05

  0%|          | 0/2 [00:00<?, ?it/s][A
 50%|█████     | 1/2 [00:01<00:01,  1.82s/it][A
100%|██████████| 2/2 [00:03<00:00,  1.92s/it][A
[A
  0%|          | 0/2 [00:00<?, ?it/s][A
 50%|█████     | 1/2 [00:01<00:01,  1.94s/it][A
100%|██████████| 2/2 [00:03<00:00,  1.96s/it][A
[A100%|██████████| 2/2 [00:37<00:00, 19.18s/it]
