Loaded 87507/87599 examples from train
Loaded 10544/10570 examples from dev
{ 'answer_dir': 'out/basic/00/answer',
  'answer_func': 'linear',
  'answer_path': '',
  'batch_size': 60,
  'c2q_att': True,
  'char_count_th': 50,
  'char_emb_size': 8,
  'char_out_size': 100,
  'char_vocab_size': 281,
  'cluster': False,
  'cpu_opt': False,
  'data_dir': 'data/squad',
  'data_filter': 'max',
  'debug': True,
  'decay': 0.9,
  'device': '/gpu:0',
  'device_type': 'gpu',
  'dump_answer': True,
  'dump_eval': True,
  'dump_pickle': True,
  'dynamic_att': False,
  'emb_mat': array([[ 3.33710329e-02, -4.79686194e-01,  1.39391356e+00, ...,
         6.28292318e-01, -2.19532053e+00, -1.88906873e-01],
       [ 1.74128498e+00,  1.78607863e+00, -1.11878172e+00, ...,
        -1.22069458e+00, -2.04039034e-03, -8.71286252e-01],
       [-5.16810518e-01,  1.18812772e+00, -1.07525778e+00, ...,
         6.96914996e-01, -1.44941984e+00,  5.78601238e-01],
       ...,
       [ 1.19948011e+00, -4.13602927e-01,  1.60935240e-01, ...,
         1.06887372e+00,  1.38232878e+00,  1.19501998e+00],
       [-9.74963182e-01, -9.56352133e-02,  1.21904247e+00, ...,
        -7.01901590e-01, -4.14116551e-01,  6.56786576e-01],
       [ 5.34150215e-01,  1.56458534e-01,  7.41738696e-01, ...,
        -1.25162986e+00, -1.90617450e+00, -7.39507930e-01]]),
  'eval': True,
  'eval_dir': 'out/basic/00/eval',
  'eval_path': '',
  'eval_period': 1,
  'filter_heights': '5',
  'finetune': False,
  'forward_name': 'single',
  'hidden_size': 100,
  'highway': True,
  'highway_num_layers': 2,
  'init_lr': 0.5,
  'input_keep_prob': 0.8,
  'keep_prob': 0.8,
  'known_if_glove': True,
  'len_opt': False,
  'load': False,
  'load_ema': True,
  'load_path': '',
  'load_step': 0,
  'log_dir': 'out/basic/00/log',
  'log_period': 1,
  'logit_func': 'tri_linear',
  'lower_word': True,
  'max_num_sents': 1,
  'max_para_size': 256,
  'max_ques_size': 30,
  'max_sent_size': 400,
  'max_to_keep': 20,
  'max_word_size': 16,
  'mode': 'train',
  'model_name': 'basic',
  'num_epochs': 12,
  'num_gpus': 1,
  'num_sents_th': 8,
  'num_steps': 2,
  'out_base_dir': 'out',
  'out_channel_dims': '100',
  'out_dir': 'out/basic/00',
  'para_size_th': 256,
  'progress': True,
  'q2c_att': True,
  'ques_size_th': 30,
  'run_id': '0',
  'save_dir': 'out/basic/00/save',
  'save_period': 1,
  'sent_size_th': 400,
  'sh_logit_func': 'tri_linear',
  'share_cnn_weights': True,
  'share_lstm_weights': True,
  'shared_path': '',
  'single': False,
  'squash': False,
  'swap_memory': True,
  'test_num_batches': 2,
  'use_char_emb': True,
  'use_glove_for_unk': True,
  'use_word_emb': True,
  'val_num_batches': 2,
  'var_decay': 0.999,
  'vis': False,
  'wd': 0.0,
  'word_count_th': 10,
  'word_emb_size': 100,
  'word_size_th': 16,
  'word_vocab_size': 1224}
Loaded 10570/10570 examples from test
{ 'answer_dir': 'out/basic/00/answer',
  'answer_func': 'linear',
  'answer_path': '',
  'batch_size': 60,
  'c2q_att': True,
  'char_count_th': 50,
  'char_emb_size': 8,
  'char_out_size': 100,
  'char_vocab_size': 281,
  'cluster': False,
  'cpu_opt': False,
  'data_dir': 'data/squad',
  'data_filter': 'max',
  'debug': False,
  'decay': 0.9,
  'device': '/cpu:0',
  'device_type': 'gpu',
  'dump_answer': True,
  'dump_eval': True,
  'dump_pickle': True,
  'dynamic_att': False,
  'eval': True,
  'eval_dir': 'out/basic/00/eval',
  'eval_path': '',
  'eval_period': 1000,
  'filter_heights': '5',
  'finetune': False,
  'forward_name': 'single',
  'hidden_size': 100,
  'highway': True,
  'highway_num_layers': 2,
  'init_lr': 0.5,
  'input_keep_prob': 0.8,
  'keep_prob': 0.8,
  'known_if_glove': True,
  'len_opt': False,
  'load': True,
  'load_ema': True,
  'load_path': '',
  'load_step': 0,
  'log_dir': 'out/basic/00/log',
  'log_period': 100,
  'logit_func': 'tri_linear',
  'lower_word': True,
  'max_num_sents': 1,
  'max_para_size': 740,
  'max_ques_size': 34,
  'max_sent_size': 740,
  'max_to_keep': 20,
  'max_word_size': 16,
  'mode': 'test',
  'model_name': 'basic',
  'new_emb_mat': array([[ 0.023169,  0.19428 ,  0.28307 , ..., -0.21912 ,  0.73992 ,
         0.36716 ],
       [-0.28995 ,  0.13296 ,  0.084697, ..., -0.48116 ,  0.95711 ,
         0.77954 ],
       [ 0.15525 , -0.30714 ,  0.42216 , ...,  0.9159  ,  0.61195 ,
         0.61087 ],
       ...,
       [ 0.12931 , -0.10203 ,  0.70726 , ..., -0.31845 ,  0.34073 ,
        -0.14582 ],
       [-0.40785 ,  0.3226  ,  0.6935  , ...,  0.047528, -0.16413 ,
        -0.12166 ],
       [-0.095246,  0.12294 ,  0.39027 , ..., -0.6209  ,  0.81777 ,
         0.30002 ]], dtype=float32),
  'num_epochs': 12,
  'num_gpus': 1,
  'num_sents_th': 8,
  'num_steps': 20000,
  'out_base_dir': 'out',
  'out_channel_dims': '100',
  'out_dir': 'out/basic/00',
  'para_size_th': 256,
  'progress': True,
  'q2c_att': True,
  'ques_size_th': 30,
  'run_id': '0',
  'save_dir': 'out/basic/00/save',
  'save_period': 1000,
  'sent_size_th': 400,
  'sh_logit_func': 'tri_linear',
  'share_cnn_weights': True,
  'share_lstm_weights': True,
  'shared_path': '',
  'single': False,
  'squash': False,
  'swap_memory': True,
  'test_num_batches': 0,
  'use_char_emb': True,
  'use_glove_for_unk': True,
  'use_word_emb': True,
  'val_num_batches': 100,
  'var_decay': 0.999,
  'vis': False,
  'wd': 0.0,
  'word_count_th': 10,
  'word_emb_size': 100,
  'word_size_th': 16,
  'word_vocab_size': 1224}
Loading saved model from out/basic/00/save/basic-2
test step 2: accuracy=0.0007, f1=0.0489, loss=9.8408
dumping answer ...
dumping eval ...
