Loaded 87507/87599 examples from train
Loaded 10544/10570 examples from dev
{ 'answer_dir': 'out/basic/00/answer',
  'answer_func': 'linear',
  'answer_path': '',
  'batch_size': 60,
  'c2q_att': True,
  'char_count_th': 50,
  'char_emb_size': 8,
  'char_out_size': 100,
  'char_vocab_size': 281,
  'cluster': False,
  'cpu_opt': False,
  'data_dir': 'data/squad',
  'data_filter': 'max',
  'debug': True,
  'decay': 0.9,
  'device': '/gpu:0',
  'device_type': 'gpu',
  'dump_answer': True,
  'dump_eval': True,
  'dump_pickle': True,
  'dynamic_att': False,
  'emb_mat': array([[ 0.77495875, -0.83396923,  0.7806261 , ...,  1.27835955,
        -1.36452407,  0.7475651 ],
       [-0.27841313,  0.09765757, -1.02581906, ...,  0.93471533,
         0.07249637, -0.75846806],
       [-1.05184607, -1.50397512,  0.68015302, ..., -1.38493588,
         0.03318966, -1.228276  ],
       ...,
       [-1.56743381,  0.41507388,  0.32958008, ...,  0.36077862,
         0.26798499,  1.25458936],
       [ 0.42337937, -0.95376487,  0.97017535, ...,  0.03895256,
         0.29783608,  1.34591048],
       [ 0.18406248, -1.03011109, -0.10626209, ..., -0.53509826,
         0.48693255, -0.2244526 ]]),
  'eval': True,
  'eval_dir': 'out/basic/00/eval',
  'eval_path': '',
  'eval_period': 1,
  'filter_heights': '5',
  'finetune': False,
  'forward_name': 'single',
  'hidden_size': 100,
  'highway': True,
  'highway_num_layers': 2,
  'init_lr': 0.5,
  'input_keep_prob': 0.8,
  'keep_prob': 0.8,
  'known_if_glove': True,
  'len_opt': False,
  'load': False,
  'load_ema': True,
  'load_path': '',
  'load_step': 0,
  'log_dir': 'out/basic/00/log',
  'log_period': 1,
  'logit_func': 'tri_linear',
  'lower_word': True,
  'max_num_sents': 1,
  'max_para_size': 256,
  'max_ques_size': 30,
  'max_sent_size': 400,
  'max_to_keep': 20,
  'max_word_size': 16,
  'mode': 'train',
  'model_name': 'basic',
  'num_epochs': 12,
  'num_gpus': 1,
  'num_sents_th': 8,
  'num_steps': 2,
  'out_base_dir': 'out',
  'out_channel_dims': '100',
  'out_dir': 'out/basic/00',
  'para_size_th': 256,
  'progress': True,
  'q2c_att': True,
  'ques_size_th': 30,
  'run_id': '0',
  'save_dir': 'out/basic/00/save',
  'save_period': 1,
  'sent_size_th': 400,
  'sh_logit_func': 'tri_linear',
  'share_cnn_weights': True,
  'share_lstm_weights': True,
  'shared_path': '',
  'single': False,
  'squash': False,
  'swap_memory': True,
  'test_num_batches': 2,
  'use_char_emb': True,
  'use_glove_for_unk': True,
  'use_word_emb': True,
  'val_num_batches': 2,
  'var_decay': 0.999,
  'vis': False,
  'wd': 0.0,
  'word_count_th': 10,
  'word_emb_size': 100,
  'word_size_th': 16,
  'word_vocab_size': 1224}
Loaded 10570/10570 examples from test
{ 'answer_dir': 'out/basic/00/answer',
  'answer_func': 'linear',
  'answer_path': '',
  'batch_size': 60,
  'c2q_att': True,
  'char_count_th': 50,
  'char_emb_size': 8,
  'char_out_size': 100,
  'char_vocab_size': 281,
  'cluster': False,
  'cpu_opt': False,
  'data_dir': 'data/squad',
  'data_filter': 'max',
  'debug': False,
  'decay': 0.9,
  'device': '/cpu:0',
  'device_type': 'gpu',
  'dump_answer': True,
  'dump_eval': True,
  'dump_pickle': True,
  'dynamic_att': False,
  'eval': True,
  'eval_dir': 'out/basic/00/eval',
  'eval_path': '',
  'eval_period': 1000,
  'filter_heights': '5',
  'finetune': False,
  'forward_name': 'single',
  'hidden_size': 100,
  'highway': True,
  'highway_num_layers': 2,
  'init_lr': 0.5,
  'input_keep_prob': 0.8,
  'keep_prob': 0.8,
  'known_if_glove': True,
  'len_opt': False,
  'load': True,
  'load_ema': True,
  'load_path': '',
  'load_step': 0,
  'log_dir': 'out/basic/00/log',
  'log_period': 100,
  'logit_func': 'tri_linear',
  'lower_word': True,
  'max_num_sents': 1,
  'max_para_size': 740,
  'max_ques_size': 34,
  'max_sent_size': 740,
  'max_to_keep': 20,
  'max_word_size': 16,
  'mode': 'test',
  'model_name': 'basic',
  'new_emb_mat': array([[-9.6158e-01,  1.1177e+00,  1.2890e+00, ...,  2.0842e-01,
        -3.1066e-01,  1.7075e-01],
       [-3.0398e-01, -4.8133e-01,  1.1179e-01, ..., -5.6062e-03,
         9.2441e-02, -1.8814e-01],
       [ 9.7229e-01, -1.0576e+00,  7.8912e-01, ...,  1.1878e-01,
         1.4628e-01, -5.8767e-02],
       ...,
       [ 7.1681e-01,  5.0574e-01,  7.3839e-01, ...,  3.7282e-01,
         2.8681e-01,  1.9309e-01],
       [ 3.2612e-01,  4.8099e-01,  4.9322e-01, ..., -9.8169e-02,
         1.2711e-01, -1.4893e-01],
       [-1.8891e-01,  2.8762e-01, -1.1520e-01, ...,  4.2899e-04,
         5.4214e-01,  2.6147e-01]], dtype=float32),
  'num_epochs': 12,
  'num_gpus': 1,
  'num_sents_th': 8,
  'num_steps': 20000,
  'out_base_dir': 'out',
  'out_channel_dims': '100',
  'out_dir': 'out/basic/00',
  'para_size_th': 256,
  'progress': True,
  'q2c_att': True,
  'ques_size_th': 30,
  'run_id': '0',
  'save_dir': 'out/basic/00/save',
  'save_period': 1000,
  'sent_size_th': 400,
  'sh_logit_func': 'tri_linear',
  'share_cnn_weights': True,
  'share_lstm_weights': True,
  'shared_path': '',
  'single': False,
  'squash': False,
  'swap_memory': True,
  'test_num_batches': 0,
  'use_char_emb': True,
  'use_glove_for_unk': True,
  'use_word_emb': True,
  'val_num_batches': 100,
  'var_decay': 0.999,
  'vis': False,
  'wd': 0.0,
  'word_count_th': 10,
  'word_emb_size': 100,
  'word_size_th': 16,
  'word_vocab_size': 1224}
Loading saved model from out/basic/00/save/basic-2
test step 2: accuracy=0.0063, f1=0.0482, loss=9.8369
dumping answer ...
dumping eval ...
