Loaded 87507/87599 examples from train
Loaded 10544/10570 examples from dev
{ 'answer_dir': 'out/basic/00/answer',
  'answer_func': 'linear',
  'answer_path': '',
  'batch_size': 60,
  'c2q_att': True,
  'char_count_th': 50,
  'char_emb_size': 8,
  'char_out_size': 100,
  'char_vocab_size': 281,
  'cluster': True,
  'cpu_opt': False,
  'data_dir': 'data/squad',
  'data_filter': 'max',
  'debug': True,
  'decay': 0.9,
  'device': '/gpu:0',
  'device_type': 'gpu',
  'dump_answer': True,
  'dump_eval': True,
  'dump_pickle': True,
  'dynamic_att': False,
  'emb_mat': array([[-0.30056054,  1.33618698, -0.35160145, ...,  0.34191666,
        -0.5242776 ,  1.81508015],
       [ 0.0690011 , -0.25130173,  0.11168854, ...,  0.67086637,
         0.21785742,  1.22668203],
       [-1.10730386, -0.86125283,  1.23306189, ...,  1.18694896,
        -1.90345824, -0.3288414 ],
       ...,
       [ 2.14850114,  0.1235694 ,  0.33458484, ...,  0.87075054,
        -0.45931419,  3.27600206],
       [ 0.8946722 , -0.13761986,  0.16594662, ...,  0.37217726,
        -1.06746856,  1.30581714],
       [ 0.67470892, -0.90306224,  0.16909062, ...,  0.54137251,
         0.40137342,  0.23630993]]),
  'eval': True,
  'eval_dir': 'out/basic/00/eval',
  'eval_path': '',
  'eval_period': 1,
  'filter_heights': '5',
  'finetune': False,
  'forward_name': 'single',
  'hidden_size': 100,
  'highway': True,
  'highway_num_layers': 2,
  'init_lr': 0.5,
  'input_keep_prob': 0.8,
  'keep_prob': 0.8,
  'known_if_glove': True,
  'len_opt': True,
  'load': False,
  'load_ema': True,
  'load_path': '',
  'load_step': 0,
  'log_dir': 'out/basic/00/log',
  'log_period': 1,
  'logit_func': 'tri_linear',
  'lower_word': True,
  'max_num_sents': 1,
  'max_para_size': 256,
  'max_ques_size': 30,
  'max_sent_size': 400,
  'max_to_keep': 20,
  'max_word_size': 16,
  'mode': 'train',
  'model_name': 'basic',
  'num_epochs': 12,
  'num_gpus': 1,
  'num_sents_th': 8,
  'num_steps': 2,
  'out_base_dir': 'out',
  'out_channel_dims': '100',
  'out_dir': 'out/basic/00',
  'para_size_th': 256,
  'progress': True,
  'q2c_att': True,
  'ques_size_th': 30,
  'run_id': '0',
  'save_dir': 'out/basic/00/save',
  'save_period': 1,
  'sent_size_th': 400,
  'sh_logit_func': 'tri_linear',
  'share_cnn_weights': True,
  'share_lstm_weights': True,
  'shared_path': '',
  'single': False,
  'squash': False,
  'swap_memory': True,
  'test_num_batches': 2,
  'use_char_emb': True,
  'use_glove_for_unk': True,
  'use_word_emb': True,
  'val_num_batches': 2,
  'var_decay': 0.999,
  'vis': False,
  'wd': 0.0,
  'word_count_th': 10,
  'word_emb_size': 100,
  'word_size_th': 16,
  'word_vocab_size': 1224}
Loaded 10570/10570 examples from test
{ 'answer_dir': 'out/basic/00/answer',
  'answer_func': 'linear',
  'answer_path': '',
  'batch_size': 60,
  'c2q_att': True,
  'char_count_th': 50,
  'char_emb_size': 8,
  'char_out_size': 100,
  'char_vocab_size': 281,
  'cluster': True,
  'cpu_opt': False,
  'data_dir': 'data/squad',
  'data_filter': 'max',
  'debug': False,
  'decay': 0.9,
  'device': '/cpu:0',
  'device_type': 'gpu',
  'dump_answer': True,
  'dump_eval': True,
  'dump_pickle': True,
  'dynamic_att': False,
  'eval': True,
  'eval_dir': 'out/basic/00/eval',
  'eval_path': '',
  'eval_period': 1000,
  'filter_heights': '5',
  'finetune': False,
  'forward_name': 'single',
  'hidden_size': 100,
  'highway': True,
  'highway_num_layers': 2,
  'init_lr': 0.5,
  'input_keep_prob': 0.8,
  'keep_prob': 0.8,
  'known_if_glove': True,
  'len_opt': True,
  'load': True,
  'load_ema': True,
  'load_path': '',
  'load_step': 0,
  'log_dir': 'out/basic/00/log',
  'log_period': 100,
  'logit_func': 'tri_linear',
  'lower_word': True,
  'max_num_sents': 1,
  'max_para_size': 740,
  'max_ques_size': 34,
  'max_sent_size': 740,
  'max_to_keep': 20,
  'max_word_size': 16,
  'mode': 'test',
  'model_name': 'basic',
  'new_emb_mat': array([[-0.21379  , -0.43651  , -0.43452  , ...,  0.19168  , -0.10473  ,
         0.62557  ],
       [-0.0052081, -0.33516  ,  0.4201   , ..., -0.053008 ,  0.075999 ,
         0.19091  ],
       [ 0.36597  , -0.17086  , -0.33936  , ...,  0.37674  , -0.65497  ,
        -0.66876  ],
       ...,
       [-0.99322  ,  0.56987  ,  1.1087   , ..., -0.95185  ,  0.28196  ,
         0.10228  ],
       [ 0.30409  , -0.11132  , -0.12366  , ..., -0.48193  , -0.21705  ,
        -0.81376  ],
       [ 0.23214  , -0.22768  , -0.32054  , ..., -0.011922 ,  0.25334  ,
        -0.54155  ]], dtype=float32),
  'num_epochs': 12,
  'num_gpus': 1,
  'num_sents_th': 8,
  'num_steps': 20000,
  'out_base_dir': 'out',
  'out_channel_dims': '100',
  'out_dir': 'out/basic/00',
  'para_size_th': 256,
  'progress': True,
  'q2c_att': True,
  'ques_size_th': 30,
  'run_id': '0',
  'save_dir': 'out/basic/00/save',
  'save_period': 1000,
  'sent_size_th': 400,
  'sh_logit_func': 'tri_linear',
  'share_cnn_weights': True,
  'share_lstm_weights': True,
  'shared_path': '',
  'single': False,
  'squash': False,
  'swap_memory': True,
  'test_num_batches': 0,
  'use_char_emb': True,
  'use_glove_for_unk': True,
  'use_word_emb': True,
  'val_num_batches': 100,
  'var_decay': 0.999,
  'vis': False,
  'wd': 0.0,
  'word_count_th': 10,
  'word_emb_size': 100,
  'word_size_th': 16,
  'word_vocab_size': 1224}
Loading saved model from out/basic/00/save/basic-2
test step 2: accuracy=0.0037, f1=0.0515, loss=9.8302
dumping answer ...
dumping eval ...
