Loaded 77422/92549 examples from train
Loaded 4325/5166 examples from dev
{ 'answer_dir': 'out/newsqatest/basic/00/answer',
  'answer_func': 'linear',
  'answer_path': '',
  'batch_size': 60,
  'c2q_att': True,
  'char_count_th': 50,
  'char_emb_size': 8,
  'char_out_size': 100,
  'char_vocab_size': 121,
  'cluster': True,
  'cpu_opt': False,
  'data_dir': 'data/newsqadata',
  'data_filter': 'max',
  'debug': False,
  'decay': 0.9,
  'device': '/cpu:0',
  'device_type': 'gpu',
  'dump_answer': True,
  'dump_eval': True,
  'dump_pickle': True,
  'dynamic_att': False,
  'emb_mat': array([[ 1.17048159,  0.65442646, -0.5152117 , ..., -0.36578604,
        -0.6746684 ,  0.15401824],
       [ 0.86814318,  2.87482082, -1.02474112, ..., -1.13008163,
         1.22266297,  0.08134054],
       [-0.03740364, -0.10012945, -0.1012753 , ..., -2.06480944,
         1.29800967, -1.42580482],
       ...,
       [-0.16007342,  0.22164399, -1.41155017, ..., -0.85420407,
         0.72615493,  1.23248258],
       [ 0.29131889,  0.6448926 , -0.89958149, ..., -0.54072914,
         2.37040736,  0.74463787],
       [-0.47558706,  0.40978595,  0.46389758, ...,  0.57844928,
         1.14536431, -0.38953095]]),
  'eval': True,
  'eval_dir': 'out/newsqatest/basic/00/eval',
  'eval_path': '',
  'eval_period': 1000,
  'filter_heights': '5',
  'finetune': False,
  'forward_name': 'single',
  'hidden_size': 100,
  'highway': True,
  'highway_num_layers': 2,
  'init_lr': 0.5,
  'input_keep_prob': 0.8,
  'keep_prob': 0.8,
  'known_if_glove': True,
  'len_opt': True,
  'load': False,
  'load_ema': True,
  'load_path': '',
  'load_step': 0,
  'log_dir': 'out/newsqatest/basic/00/log',
  'log_period': 100,
  'logit_func': 'tri_linear',
  'lower_word': True,
  'max_num_sents': 1,
  'max_para_size': 256,
  'max_ques_size': 30,
  'max_sent_size': 400,
  'max_to_keep': 20,
  'max_word_size': 16,
  'mode': 'train',
  'model_name': 'basic',
  'num_epochs': 12,
  'num_gpus': 1,
  'num_sents_th': 8,
  'num_steps': 10000,
  'out_base_dir': 'out/newsqatest',
  'out_channel_dims': '100',
  'out_dir': 'out/newsqatest/basic/00',
  'para_size_th': 256,
  'progress': True,
  'q2c_att': True,
  'ques_size_th': 30,
  'run_id': '0',
  'save_dir': 'out/newsqatest/basic/00/save',
  'save_period': 1000,
  'sent_size_th': 400,
  'sh_logit_func': 'tri_linear',
  'share_cnn_weights': True,
  'share_lstm_weights': True,
  'shared_path': '',
  'single': False,
  'squash': False,
  'swap_memory': True,
  'test_num_batches': 0,
  'use_char_emb': True,
  'use_glove_for_unk': True,
  'use_word_emb': True,
  'val_num_batches': 100,
  'var_decay': 0.999,
  'vis': False,
  'wd': 0.0,
  'word_count_th': 10,
  'word_emb_size': 100,
  'word_size_th': 16,
  'word_vocab_size': 4487}
Loaded 5166/5166 examples from test
{ 'answer_dir': 'out/newsqatest/basic/00/answer',
  'answer_func': 'linear',
  'answer_path': '',
  'batch_size': 60,
  'c2q_att': True,
  'char_count_th': 50,
  'char_emb_size': 8,
  'char_out_size': 100,
  'char_vocab_size': 121,
  'cluster': True,
  'cpu_opt': False,
  'data_dir': 'data/newsqadata',
  'data_filter': 'max',
  'debug': False,
  'decay': 0.9,
  'device': '/cpu:0',
  'device_type': 'gpu',
  'dump_answer': True,
  'dump_eval': True,
  'dump_pickle': True,
  'dynamic_att': False,
  'eval': True,
  'eval_dir': 'out/newsqatest/basic/00/eval',
  'eval_path': '',
  'eval_period': 1000,
  'filter_heights': '5',
  'finetune': False,
  'forward_name': 'single',
  'hidden_size': 100,
  'highway': True,
  'highway_num_layers': 2,
  'init_lr': 0.5,
  'input_keep_prob': 0.8,
  'keep_prob': 0.8,
  'known_if_glove': True,
  'len_opt': True,
  'load': True,
  'load_ema': True,
  'load_path': '',
  'load_step': 0,
  'log_dir': 'out/newsqatest/basic/00/log',
  'log_period': 100,
  'logit_func': 'tri_linear',
  'lower_word': True,
  'max_num_sents': 1,
  'max_para_size': 2321,
  'max_ques_size': 25,
  'max_sent_size': 2321,
  'max_to_keep': 20,
  'max_word_size': 16,
  'mode': 'test',
  'model_name': 'basic',
  'new_emb_mat': array([[-0.25889  ,  0.48784  , -0.56842  , ...,  0.71421  ,  0.079297 ,
         0.31468  ],
       [-0.43801  ,  0.68008  ,  0.52523  , ..., -0.14529  , -0.28235  ,
         0.0066246],
       [ 0.041424 ,  0.19938  , -0.77713  , ..., -0.43586  ,  0.17358  ,
         0.40553  ],
       ...,
       [ 0.0085999, -0.33113  ,  0.48821  , ..., -0.29477  ,  0.24348  ,
         1.0826   ],
       [ 0.11647  ,  0.046622 ,  0.75879  , ...,  0.05579  , -0.0041692,
         0.16152  ],
       [ 0.31467  ,  0.84999  , -0.42756  , ..., -0.012052 ,  0.23081  ,
        -0.20287  ]], dtype=float32),
  'num_epochs': 12,
  'num_gpus': 1,
  'num_sents_th': 8,
  'num_steps': 20000,
  'out_base_dir': 'out/newsqatest',
  'out_channel_dims': '100',
  'out_dir': 'out/newsqatest/basic/00',
  'para_size_th': 256,
  'progress': True,
  'q2c_att': True,
  'ques_size_th': 30,
  'run_id': '0',
  'save_dir': 'out/newsqatest/basic/00/save',
  'save_period': 1000,
  'sent_size_th': 400,
  'sh_logit_func': 'tri_linear',
  'share_cnn_weights': True,
  'share_lstm_weights': True,
  'shared_path': '',
  'single': False,
  'squash': False,
  'swap_memory': True,
  'test_num_batches': 0,
  'use_char_emb': True,
  'use_glove_for_unk': True,
  'use_word_emb': True,
  'val_num_batches': 100,
  'var_decay': 0.999,
  'vis': False,
  'wd': 0.0,
  'word_count_th': 10,
  'word_emb_size': 100,
  'word_size_th': 16,
  'word_vocab_size': 4487}
