Loaded 7603/9170 examples from train
Loaded 887/1062 examples from dev
{ 'answer_dir': 'out/newsqatest/basic/00/answer',
  'answer_func': 'linear',
  'answer_path': '',
  'batch_size': 60,
  'c2q_att': True,
  'char_count_th': 50,
  'char_emb_size': 8,
  'char_out_size': 100,
  'char_vocab_size': 94,
  'cluster': True,
  'cpu_opt': False,
  'data_dir': 'data/newsqa_debug_010',
  'data_filter': 'max',
  'debug': True,
  'decay': 0.9,
  'device': '/gpu:0',
  'device_type': 'gpu',
  'dump_answer': True,
  'dump_eval': True,
  'dump_pickle': True,
  'dynamic_att': False,
  'emb_mat': array([[ 0.50208485, -0.26797307, -1.65390943, ...,  0.15737437,
        -2.83483374,  0.71561133],
       [ 0.37161228,  0.08506681,  0.47464517, ...,  1.23513125,
        -0.72753181, -0.89195286],
       [ 0.11217664,  0.10277766,  0.86643534, ...,  1.6562231 ,
         0.68102178,  1.28916132],
       ...,
       [ 0.38477202, -1.4126882 ,  0.28203379, ...,  0.11016788,
        -1.13194526,  0.95846607],
       [ 1.53058802, -0.09871516, -1.20726619, ..., -0.26070511,
         1.28725777, -0.94882557],
       [ 1.10596938, -0.93654917,  1.434925  , ..., -0.0369401 ,
         1.09859233,  0.0790878 ]]),
  'eval': True,
  'eval_dir': 'out/newsqatest/basic/00/eval',
  'eval_path': '',
  'eval_period': 1,
  'filter_heights': '5',
  'finetune': False,
  'forward_name': 'single',
  'hidden_size': 100,
  'highway': True,
  'highway_num_layers': 2,
  'init_lr': 0.5,
  'input_keep_prob': 0.8,
  'keep_prob': 0.8,
  'known_if_glove': True,
  'len_opt': True,
  'load': False,
  'load_ema': True,
  'load_path': '',
  'load_step': 0,
  'log_dir': 'out/newsqatest/basic/00/log',
  'log_period': 1,
  'logit_func': 'tri_linear',
  'lower_word': True,
  'max_num_sents': 1,
  'max_para_size': 256,
  'max_ques_size': 30,
  'max_sent_size': 400,
  'max_to_keep': 20,
  'max_word_size': 16,
  'mode': 'train',
  'model_name': 'basic',
  'num_epochs': 12,
  'num_gpus': 1,
  'num_sents_th': 8,
  'num_steps': 2,
  'out_base_dir': 'out/newsqatest',
  'out_channel_dims': '100',
  'out_dir': 'out/newsqatest/basic/00',
  'para_size_th': 256,
  'progress': True,
  'q2c_att': True,
  'ques_size_th': 30,
  'run_id': '0',
  'save_dir': 'out/newsqatest/basic/00/save',
  'save_period': 1,
  'sent_size_th': 400,
  'sh_logit_func': 'tri_linear',
  'share_cnn_weights': True,
  'share_lstm_weights': True,
  'shared_path': '',
  'single': False,
  'squash': False,
  'swap_memory': True,
  'test_num_batches': 2,
  'use_char_emb': True,
  'use_glove_for_unk': True,
  'use_word_emb': True,
  'val_num_batches': 2,
  'var_decay': 0.999,
  'vis': False,
  'wd': 0.0,
  'word_count_th': 10,
  'word_emb_size': 100,
  'word_size_th': 16,
  'word_vocab_size': 434}
Loaded 478/478 examples from test
{ 'answer_dir': 'out/newsqatest/basic/00/answer',
  'answer_func': 'linear',
  'answer_path': '',
  'batch_size': 60,
  'c2q_att': True,
  'char_count_th': 50,
  'char_emb_size': 8,
  'char_out_size': 100,
  'char_vocab_size': 94,
  'cluster': True,
  'cpu_opt': False,
  'data_dir': 'data/newsqa_debug_010',
  'data_filter': 'max',
  'debug': False,
  'decay': 0.9,
  'device': '/cpu:0',
  'device_type': 'gpu',
  'dump_answer': True,
  'dump_eval': True,
  'dump_pickle': True,
  'dynamic_att': False,
  'eval': True,
  'eval_dir': 'out/newsqatest/basic/00/eval',
  'eval_path': '',
  'eval_period': 1000,
  'filter_heights': '5',
  'finetune': False,
  'forward_name': 'single',
  'hidden_size': 100,
  'highway': True,
  'highway_num_layers': 2,
  'init_lr': 0.5,
  'input_keep_prob': 0.8,
  'keep_prob': 0.8,
  'known_if_glove': True,
  'len_opt': True,
  'load': True,
  'load_ema': True,
  'load_path': '',
  'load_step': 0,
  'log_dir': 'out/newsqatest/basic/00/log',
  'log_period': 100,
  'logit_func': 'tri_linear',
  'lower_word': True,
  'max_num_sents': 1,
  'max_para_size': 1966,
  'max_ques_size': 22,
  'max_sent_size': 1966,
  'max_to_keep': 20,
  'max_word_size': 16,
  'mode': 'test',
  'model_name': 'basic',
  'new_emb_mat': array([[-0.2025  , -0.69298 ,  0.20665 , ..., -0.35984 ,  0.85823 ,
         0.36218 ],
       [-0.66786 , -0.32899 ,  0.96178 , ...,  0.40134 ,  0.25663 ,
        -0.26171 ],
       [-0.89156 ,  0.016014, -0.094112, ..., -0.17325 ,  0.018805,
        -0.28959 ],
       ...,
       [ 0.72268 , -0.017922, -0.49408 , ..., -0.47452 ,  0.47326 ,
         0.174   ],
       [ 0.019904, -0.03448 ,  0.79436 , ..., -0.31138 , -0.18478 ,
        -0.1126  ],
       [ 0.73511 ,  0.60168 , -1.0937  , ..., -0.58546 ,  0.62005 ,
         0.19234 ]], dtype=float32),
  'num_epochs': 12,
  'num_gpus': 1,
  'num_sents_th': 8,
  'num_steps': 20000,
  'out_base_dir': 'out/newsqatest',
  'out_channel_dims': '100',
  'out_dir': 'out/newsqatest/basic/00',
  'para_size_th': 256,
  'progress': True,
  'q2c_att': True,
  'ques_size_th': 30,
  'run_id': '0',
  'save_dir': 'out/newsqatest/basic/00/save',
  'save_period': 1000,
  'sent_size_th': 400,
  'sh_logit_func': 'tri_linear',
  'share_cnn_weights': True,
  'share_lstm_weights': True,
  'shared_path': '',
  'single': False,
  'squash': False,
  'swap_memory': True,
  'test_num_batches': 0,
  'use_char_emb': True,
  'use_glove_for_unk': True,
  'use_word_emb': True,
  'val_num_batches': 100,
  'var_decay': 0.999,
  'vis': False,
  'wd': 0.0,
  'word_count_th': 10,
  'word_emb_size': 100,
  'word_size_th': 16,
  'word_vocab_size': 434}
Loading saved model from out/newsqatest/basic/00/save/basic-2
test step 2: accuracy=0.0000, f1=0.0082, loss=13.1304
dumping answer ...
dumping eval ...
