Loaded 77422/92549 examples from train
Loaded 4325/5166 examples from dev
{ 'answer_dir': 'out/newsqatest/basic/00/answer',
  'answer_func': 'linear',
  'answer_path': '',
  'batch_size': 60,
  'c2q_att': True,
  'char_count_th': 50,
  'char_emb_size': 8,
  'char_out_size': 100,
  'char_vocab_size': 121,
  'cluster': True,
  'cpu_opt': False,
  'data_dir': 'data/newsqadata',
  'data_filter': 'max',
  'debug': True,
  'decay': 0.9,
  'device': '/gpu:0',
  'device_type': 'gpu',
  'dump_answer': True,
  'dump_eval': True,
  'dump_pickle': True,
  'dynamic_att': False,
  'emb_mat': array([[-0.6858674 ,  0.17795913, -0.5132093 , ...,  0.21443574,
        -0.84444308,  1.59910573],
       [ 1.04305039,  0.62212603, -0.37156465, ...,  1.14768454,
        -2.26423464, -0.12074634],
       [-0.04486807, -0.43641189,  0.49060452, ...,  0.47762584,
        -1.04772473, -0.33055674],
       ...,
       [-0.5445902 ,  1.54378927,  0.06387805, ..., -1.91540249,
        -0.90244279,  0.581112  ],
       [-0.51309643,  0.1346413 ,  0.29518158, ..., -0.29762921,
         0.35378847, -0.10231943],
       [ 0.03885652,  0.64409663,  1.9895286 , ..., -0.2723452 ,
        -0.25909002,  0.02122797]]),
  'eval': True,
  'eval_dir': 'out/newsqatest/basic/00/eval',
  'eval_path': '',
  'eval_period': 1,
  'filter_heights': '5',
  'finetune': False,
  'forward_name': 'single',
  'hidden_size': 100,
  'highway': True,
  'highway_num_layers': 2,
  'init_lr': 0.5,
  'input_keep_prob': 0.8,
  'keep_prob': 0.8,
  'known_if_glove': True,
  'len_opt': True,
  'load': False,
  'load_ema': True,
  'load_path': '',
  'load_step': 0,
  'log_dir': 'out/newsqatest/basic/00/log',
  'log_period': 1,
  'logit_func': 'tri_linear',
  'lower_word': True,
  'max_num_sents': 1,
  'max_para_size': 256,
  'max_ques_size': 30,
  'max_sent_size': 400,
  'max_to_keep': 20,
  'max_word_size': 16,
  'mode': 'train',
  'model_name': 'basic',
  'num_epochs': 12,
  'num_gpus': 1,
  'num_sents_th': 8,
  'num_steps': 2,
  'out_base_dir': 'out/newsqatest',
  'out_channel_dims': '100',
  'out_dir': 'out/newsqatest/basic/00',
  'para_size_th': 256,
  'progress': True,
  'q2c_att': True,
  'ques_size_th': 30,
  'run_id': '0',
  'save_dir': 'out/newsqatest/basic/00/save',
  'save_period': 1,
  'sent_size_th': 400,
  'sh_logit_func': 'tri_linear',
  'share_cnn_weights': True,
  'share_lstm_weights': True,
  'shared_path': '',
  'single': False,
  'squash': False,
  'swap_memory': True,
  'test_num_batches': 2,
  'use_char_emb': True,
  'use_glove_for_unk': True,
  'use_word_emb': True,
  'val_num_batches': 2,
  'var_decay': 0.999,
  'vis': False,
  'wd': 0.0,
  'word_count_th': 10,
  'word_emb_size': 100,
  'word_size_th': 16,
  'word_vocab_size': 4487}
Loaded 5166/5166 examples from test
{ 'answer_dir': 'out/newsqatest/basic/00/answer',
  'answer_func': 'linear',
  'answer_path': '',
  'batch_size': 60,
  'c2q_att': True,
  'char_count_th': 50,
  'char_emb_size': 8,
  'char_out_size': 100,
  'char_vocab_size': 121,
  'cluster': True,
  'cpu_opt': False,
  'data_dir': 'data/newsqadata',
  'data_filter': 'max',
  'debug': False,
  'decay': 0.9,
  'device': '/cpu:0',
  'device_type': 'gpu',
  'dump_answer': True,
  'dump_eval': True,
  'dump_pickle': True,
  'dynamic_att': False,
  'eval': True,
  'eval_dir': 'out/newsqatest/basic/00/eval',
  'eval_path': '',
  'eval_period': 1000,
  'filter_heights': '5',
  'finetune': False,
  'forward_name': 'single',
  'hidden_size': 100,
  'highway': True,
  'highway_num_layers': 2,
  'init_lr': 0.5,
  'input_keep_prob': 0.8,
  'keep_prob': 0.8,
  'known_if_glove': True,
  'len_opt': True,
  'load': True,
  'load_ema': True,
  'load_path': '',
  'load_step': 0,
  'log_dir': 'out/newsqatest/basic/00/log',
  'log_period': 100,
  'logit_func': 'tri_linear',
  'lower_word': True,
  'max_num_sents': 1,
  'max_para_size': 2321,
  'max_ques_size': 25,
  'max_sent_size': 2321,
  'max_to_keep': 20,
  'max_word_size': 16,
  'mode': 'test',
  'model_name': 'basic',
  'new_emb_mat': array([[ 0.35724 ,  0.5292  , -1.023   , ..., -0.53059 , -0.084414,
         0.40407 ],
       [-0.030948,  0.6237  , -0.16749 , ...,  0.049272,  0.6947  ,
         0.32018 ],
       [ 0.027838,  0.59033 , -0.46521 , ..., -0.3304  ,  0.94754 ,
         1.2231  ],
       ...,
       [-0.30022 ,  0.31769 ,  0.66371 , ...,  0.23877 , -0.5034  ,
         0.27067 ],
       [ 0.47762 ,  0.34165 ,  0.003995, ..., -0.297   ,  0.66855 ,
         0.34608 ],
       [ 0.46468 ,  0.47916 ,  0.39257 , ..., -0.68137 ,  0.51758 ,
         0.5164  ]], dtype=float32),
  'num_epochs': 12,
  'num_gpus': 1,
  'num_sents_th': 8,
  'num_steps': 20000,
  'out_base_dir': 'out/newsqatest',
  'out_channel_dims': '100',
  'out_dir': 'out/newsqatest/basic/00',
  'para_size_th': 256,
  'progress': True,
  'q2c_att': True,
  'ques_size_th': 30,
  'run_id': '0',
  'save_dir': 'out/newsqatest/basic/00/save',
  'save_period': 1000,
  'sent_size_th': 400,
  'sh_logit_func': 'tri_linear',
  'share_cnn_weights': True,
  'share_lstm_weights': True,
  'shared_path': '',
  'single': False,
  'squash': False,
  'swap_memory': True,
  'test_num_batches': 0,
  'use_char_emb': True,
  'use_glove_for_unk': True,
  'use_word_emb': True,
  'val_num_batches': 100,
  'var_decay': 0.999,
  'vis': False,
  'wd': 0.0,
  'word_count_th': 10,
  'word_emb_size': 100,
  'word_size_th': 16,
  'word_vocab_size': 4487}
