Loaded 809/973 examples from train
Loaded 84/102 examples from dev
{ 'answer_dir': 'out/lr-100-0.55/basic/00/answer',
  'answer_func': 'linear',
  'answer_path': '',
  'batch_size': 60,
  'c2q_att': True,
  'char_count_th': 50,
  'char_emb_size': 8,
  'char_out_size': 100,
  'char_vocab_size': 78,
  'cluster': True,
  'cpu_opt': False,
  'data_dir': 'data/newsqa_debug_100',
  'data_filter': 'max',
  'debug': False,
  'decay': 0.9,
  'device': '/cpu:0',
  'device_type': 'gpu',
  'dump_answer': True,
  'dump_eval': True,
  'dump_pickle': True,
  'dynamic_att': False,
  'emb_mat': array([[ 1.70663953, -0.36844811, -0.98478309, ..., -0.49859406,
         0.24098172, -2.04643462],
       [ 0.27683774,  0.15607009, -1.3532261 , ..., -1.03213671,
        -0.70840454,  0.72545511],
       [ 0.22588034,  0.88678307,  1.2289788 , ...,  0.03844999,
         1.83068919,  0.59420334],
       ...,
       [ 0.39928112,  0.10291809,  1.58391351, ...,  0.49323354,
         0.82393718, -1.37143371],
       [-0.56099558, -0.12350561,  0.94623037, ...,  0.4945789 ,
        -1.20289936,  0.54723049],
       [-1.0846931 ,  0.76481934,  0.65003742, ...,  0.16513707,
        -0.40487722, -0.79286433]]),
  'eval': True,
  'eval_dir': 'out/lr-100-0.55/basic/00/eval',
  'eval_path': '',
  'eval_period': 1000,
  'filter_heights': '5',
  'finetune': False,
  'forward_name': 'single',
  'hidden_size': 100,
  'highway': True,
  'highway_num_layers': 2,
  'init_lr': 0.55,
  'input_keep_prob': 0.8,
  'keep_prob': 0.8,
  'known_if_glove': True,
  'len_opt': True,
  'load': False,
  'load_ema': True,
  'load_path': '',
  'load_step': 0,
  'log_dir': 'out/lr-100-0.55/basic/00/log',
  'log_period': 100,
  'logit_func': 'tri_linear',
  'lower_word': True,
  'max_num_sents': 1,
  'max_para_size': 256,
  'max_ques_size': 24,
  'max_sent_size': 400,
  'max_to_keep': 20,
  'max_word_size': 16,
  'mode': 'train',
  'model_name': 'basic',
  'num_epochs': 12,
  'num_gpus': 1,
  'num_sents_th': 8,
  'num_steps': 10000,
  'out_base_dir': 'out/lr-100-0.55',
  'out_channel_dims': '100',
  'out_dir': 'out/lr-100-0.55/basic/00',
  'para_size_th': 256,
  'progress': True,
  'q2c_att': True,
  'ques_size_th': 30,
  'run_id': '0',
  'save_dir': 'out/lr-100-0.55/basic/00/save',
  'save_period': 1000,
  'sent_size_th': 400,
  'sh_logit_func': 'tri_linear',
  'share_cnn_weights': True,
  'share_lstm_weights': True,
  'shared_path': '',
  'single': False,
  'squash': False,
  'swap_memory': True,
  'test_num_batches': 0,
  'use_char_emb': True,
  'use_glove_for_unk': True,
  'use_word_emb': True,
  'val_num_batches': 100,
  'var_decay': 0.999,
  'vis': False,
  'wd': 0.0,
  'word_count_th': 10,
  'word_emb_size': 100,
  'word_size_th': 16,
  'word_vocab_size': 51}
Loaded 67/67 examples from test
{ 'answer_dir': 'out/lr-100-0.55/basic/00/answer',
  'answer_func': 'linear',
  'answer_path': '',
  'batch_size': 60,
  'c2q_att': True,
  'char_count_th': 50,
  'char_emb_size': 8,
  'char_out_size': 100,
  'char_vocab_size': 78,
  'cluster': True,
  'cpu_opt': False,
  'data_dir': 'data/newsqa_debug_100',
  'data_filter': 'max',
  'debug': False,
  'decay': 0.9,
  'device': '/cpu:0',
  'device_type': 'gpu',
  'dump_answer': True,
  'dump_eval': True,
  'dump_pickle': True,
  'dynamic_att': False,
  'eval': True,
  'eval_dir': 'out/lr-100-0.55/basic/00/eval',
  'eval_path': '',
  'eval_period': 1000,
  'filter_heights': '5',
  'finetune': False,
  'forward_name': 'single',
  'hidden_size': 100,
  'highway': True,
  'highway_num_layers': 2,
  'init_lr': 0.55,
  'input_keep_prob': 0.8,
  'keep_prob': 0.8,
  'known_if_glove': True,
  'len_opt': True,
  'load': True,
  'load_ema': True,
  'load_path': '',
  'load_step': 0,
  'log_dir': 'out/lr-100-0.55/basic/00/log',
  'log_period': 100,
  'logit_func': 'tri_linear',
  'lower_word': True,
  'max_num_sents': 1,
  'max_para_size': 1177,
  'max_ques_size': 13,
  'max_sent_size': 1177,
  'max_to_keep': 20,
  'max_word_size': 16,
  'mode': 'test',
  'model_name': 'basic',
  'new_emb_mat': array([[-0.22479 ,  0.28805 , -0.25098 , ...,  0.24818 ,  0.52222 ,
         0.28617 ],
       [ 0.63983 , -0.41169 , -1.0627  , ...,  0.076054,  0.8303  ,
         0.4824  ],
       [-0.43384 , -0.19086 ,  0.27502 , ...,  0.11121 , -0.18908 ,
        -0.23977 ],
       ...,
       [-0.29574 ,  0.35345 ,  0.63326 , ...,  0.23127 ,  0.94771 ,
        -0.09556 ],
       [-0.031152, -0.05136 , -0.022041, ..., -0.26587 , -0.48849 ,
         0.42872 ],
       [-0.038878, -1.224   , -0.085356, ...,  0.29802 , -0.32673 ,
         0.53566 ]], dtype=float32),
  'num_epochs': 12,
  'num_gpus': 1,
  'num_sents_th': 8,
  'num_steps': 20000,
  'out_base_dir': 'out/lr-100-0.55',
  'out_channel_dims': '100',
  'out_dir': 'out/lr-100-0.55/basic/00',
  'para_size_th': 256,
  'progress': True,
  'q2c_att': True,
  'ques_size_th': 30,
  'run_id': '0',
  'save_dir': 'out/lr-100-0.55/basic/00/save',
  'save_period': 1000,
  'sent_size_th': 400,
  'sh_logit_func': 'tri_linear',
  'share_cnn_weights': True,
  'share_lstm_weights': True,
  'shared_path': '',
  'single': False,
  'squash': False,
  'swap_memory': True,
  'test_num_batches': 0,
  'use_char_emb': True,
  'use_glove_for_unk': True,
  'use_word_emb': True,
  'val_num_batches': 100,
  'var_decay': 0.999,
  'vis': False,
  'wd': 0.0,
  'word_count_th': 10,
  'word_emb_size': 100,
  'word_size_th': 16,
  'word_vocab_size': 51}
Loading saved model from out/lr-100-0.55/basic/00/save/basic-10000
test step 10000: accuracy=0.0149, f1=0.0815, loss=25.7433
dumping answer ...
dumping eval ...
