Loaded 809/973 examples from train
Loaded 84/102 examples from dev
{ 'answer_dir': 'out/lr-100-0.5/basic/00/answer',
  'answer_func': 'linear',
  'answer_path': '',
  'batch_size': 60,
  'c2q_att': True,
  'char_count_th': 50,
  'char_emb_size': 8,
  'char_out_size': 100,
  'char_vocab_size': 78,
  'cluster': True,
  'cpu_opt': False,
  'data_dir': 'data/newsqa_debug_100',
  'data_filter': 'max',
  'debug': False,
  'decay': 0.9,
  'device': '/cpu:0',
  'device_type': 'gpu',
  'dump_answer': True,
  'dump_eval': True,
  'dump_pickle': True,
  'dynamic_att': False,
  'emb_mat': array([[ 0.84346321,  0.89174099,  0.12057422, ...,  0.38350746,
        -0.04657106,  1.22973449],
       [-0.51338007,  0.29257947,  0.01392548, ...,  0.82872684,
        -1.71065151, -1.69565482],
       [-1.1441848 ,  0.42837005, -1.33184866, ...,  2.04302351,
        -0.05211129,  0.98776619],
       ...,
       [-0.29969095,  1.06753453,  1.43418761, ..., -0.3295133 ,
        -1.26657138, -0.08749977],
       [-0.70074902,  0.88183235,  2.17449721, ..., -2.13352178,
        -1.22807307,  0.24276389],
       [ 0.34169306, -0.21839976,  0.86224566, ..., -0.67114448,
        -1.2506753 ,  1.32511629]]),
  'eval': True,
  'eval_dir': 'out/lr-100-0.5/basic/00/eval',
  'eval_path': '',
  'eval_period': 1000,
  'filter_heights': '5',
  'finetune': False,
  'forward_name': 'single',
  'hidden_size': 100,
  'highway': True,
  'highway_num_layers': 2,
  'init_lr': 0.5,
  'input_keep_prob': 0.8,
  'keep_prob': 0.8,
  'known_if_glove': True,
  'len_opt': True,
  'load': False,
  'load_ema': True,
  'load_path': '',
  'load_step': 0,
  'log_dir': 'out/lr-100-0.5/basic/00/log',
  'log_period': 100,
  'logit_func': 'tri_linear',
  'lower_word': True,
  'max_num_sents': 1,
  'max_para_size': 256,
  'max_ques_size': 24,
  'max_sent_size': 400,
  'max_to_keep': 20,
  'max_word_size': 16,
  'mode': 'train',
  'model_name': 'basic',
  'num_epochs': 12,
  'num_gpus': 1,
  'num_sents_th': 8,
  'num_steps': 10000,
  'out_base_dir': 'out/lr-100-0.5',
  'out_channel_dims': '100',
  'out_dir': 'out/lr-100-0.5/basic/00',
  'para_size_th': 256,
  'progress': True,
  'q2c_att': True,
  'ques_size_th': 30,
  'run_id': '0',
  'save_dir': 'out/lr-100-0.5/basic/00/save',
  'save_period': 1000,
  'sent_size_th': 400,
  'sh_logit_func': 'tri_linear',
  'share_cnn_weights': True,
  'share_lstm_weights': True,
  'shared_path': '',
  'single': False,
  'squash': False,
  'swap_memory': True,
  'test_num_batches': 0,
  'use_char_emb': True,
  'use_glove_for_unk': True,
  'use_word_emb': True,
  'val_num_batches': 100,
  'var_decay': 0.999,
  'vis': False,
  'wd': 0.0,
  'word_count_th': 10,
  'word_emb_size': 100,
  'word_size_th': 16,
  'word_vocab_size': 51}
Loaded 67/67 examples from test
{ 'answer_dir': 'out/lr-100-0.5/basic/00/answer',
  'answer_func': 'linear',
  'answer_path': '',
  'batch_size': 60,
  'c2q_att': True,
  'char_count_th': 50,
  'char_emb_size': 8,
  'char_out_size': 100,
  'char_vocab_size': 78,
  'cluster': True,
  'cpu_opt': False,
  'data_dir': 'data/newsqa_debug_100',
  'data_filter': 'max',
  'debug': False,
  'decay': 0.9,
  'device': '/cpu:0',
  'device_type': 'gpu',
  'dump_answer': True,
  'dump_eval': True,
  'dump_pickle': True,
  'dynamic_att': False,
  'eval': True,
  'eval_dir': 'out/lr-100-0.5/basic/00/eval',
  'eval_path': '',
  'eval_period': 1000,
  'filter_heights': '5',
  'finetune': False,
  'forward_name': 'single',
  'hidden_size': 100,
  'highway': True,
  'highway_num_layers': 2,
  'init_lr': 0.5,
  'input_keep_prob': 0.8,
  'keep_prob': 0.8,
  'known_if_glove': True,
  'len_opt': True,
  'load': True,
  'load_ema': True,
  'load_path': '',
  'load_step': 0,
  'log_dir': 'out/lr-100-0.5/basic/00/log',
  'log_period': 100,
  'logit_func': 'tri_linear',
  'lower_word': True,
  'max_num_sents': 1,
  'max_para_size': 1177,
  'max_ques_size': 13,
  'max_sent_size': 1177,
  'max_to_keep': 20,
  'max_word_size': 16,
  'mode': 'test',
  'model_name': 'basic',
  'new_emb_mat': array([[-0.093402 ,  0.55602  ,  0.74852  , ..., -0.6857   ,  0.20876  ,
         0.59025  ],
       [-0.094451 , -0.0096052,  0.1793   , ...,  0.21709  , -0.046804 ,
         0.13551  ],
       [ 0.85932  , -0.59981  ,  0.5806   , ..., -0.14398  ,  0.61525  ,
         0.02249  ],
       ...,
       [-0.47946  ,  0.077179 ,  0.30087  , ...,  0.14926  ,  1.081    ,
        -0.45922  ],
       [-0.091682 ,  0.58105  ,  0.40477  , ..., -0.38741  ,  0.34695  ,
         0.229    ],
       [-0.29457  ,  0.23548  ,  0.33171  , ..., -0.21812  ,  0.98381  ,
         0.47087  ]], dtype=float32),
  'num_epochs': 12,
  'num_gpus': 1,
  'num_sents_th': 8,
  'num_steps': 20000,
  'out_base_dir': 'out/lr-100-0.5',
  'out_channel_dims': '100',
  'out_dir': 'out/lr-100-0.5/basic/00',
  'para_size_th': 256,
  'progress': True,
  'q2c_att': True,
  'ques_size_th': 30,
  'run_id': '0',
  'save_dir': 'out/lr-100-0.5/basic/00/save',
  'save_period': 1000,
  'sent_size_th': 400,
  'sh_logit_func': 'tri_linear',
  'share_cnn_weights': True,
  'share_lstm_weights': True,
  'shared_path': '',
  'single': False,
  'squash': False,
  'swap_memory': True,
  'test_num_batches': 0,
  'use_char_emb': True,
  'use_glove_for_unk': True,
  'use_word_emb': True,
  'val_num_batches': 100,
  'var_decay': 0.999,
  'vis': False,
  'wd': 0.0,
  'word_count_th': 10,
  'word_emb_size': 100,
  'word_size_th': 16,
  'word_vocab_size': 51}
Loading saved model from out/lr-100-0.5/basic/00/save/basic-10000
test step 10000: accuracy=0.0000, f1=0.0207, loss=33.3273
dumping answer ...
dumping eval ...
