Loaded 809/973 examples from train
Loaded 84/102 examples from dev
{ 'answer_dir': 'out/lr-100-0.6/basic/00/answer',
  'answer_func': 'linear',
  'answer_path': '',
  'batch_size': 60,
  'c2q_att': True,
  'char_count_th': 50,
  'char_emb_size': 8,
  'char_out_size': 100,
  'char_vocab_size': 78,
  'cluster': True,
  'cpu_opt': False,
  'data_dir': 'data/newsqa_debug_100',
  'data_filter': 'max',
  'debug': False,
  'decay': 0.9,
  'device': '/cpu:0',
  'device_type': 'gpu',
  'dump_answer': True,
  'dump_eval': True,
  'dump_pickle': True,
  'dynamic_att': False,
  'emb_mat': array([[ 1.18164641, -0.41027768,  0.48974508, ..., -0.72490317,
        -0.31953478, -0.83947769],
       [-1.63919442,  0.34514216, -1.01066527, ...,  0.86497242,
         0.97559321, -0.48478314],
       [ 0.58088147,  1.39582109,  0.75343443, ..., -0.24066447,
         1.01917932,  0.22966211],
       ...,
       [-0.13360346, -2.44246906,  0.06615497, ..., -0.91728752,
         0.57474611,  0.42318247],
       [ 0.10815403, -1.14613324,  0.87169929, ...,  0.06191564,
        -0.6747643 , -0.75302501],
       [-0.18661302,  0.96774941,  0.43949303, ..., -0.89387332,
        -2.25463666,  0.50085251]]),
  'eval': True,
  'eval_dir': 'out/lr-100-0.6/basic/00/eval',
  'eval_path': '',
  'eval_period': 1000,
  'filter_heights': '5',
  'finetune': False,
  'forward_name': 'single',
  'hidden_size': 100,
  'highway': True,
  'highway_num_layers': 2,
  'init_lr': 0.6,
  'input_keep_prob': 0.8,
  'keep_prob': 0.8,
  'known_if_glove': True,
  'len_opt': True,
  'load': False,
  'load_ema': True,
  'load_path': '',
  'load_step': 0,
  'log_dir': 'out/lr-100-0.6/basic/00/log',
  'log_period': 100,
  'logit_func': 'tri_linear',
  'lower_word': True,
  'max_num_sents': 1,
  'max_para_size': 256,
  'max_ques_size': 24,
  'max_sent_size': 400,
  'max_to_keep': 20,
  'max_word_size': 16,
  'mode': 'train',
  'model_name': 'basic',
  'num_epochs': 12,
  'num_gpus': 1,
  'num_sents_th': 8,
  'num_steps': 10000,
  'out_base_dir': 'out/lr-100-0.6',
  'out_channel_dims': '100',
  'out_dir': 'out/lr-100-0.6/basic/00',
  'para_size_th': 256,
  'progress': True,
  'q2c_att': True,
  'ques_size_th': 30,
  'run_id': '0',
  'save_dir': 'out/lr-100-0.6/basic/00/save',
  'save_period': 1000,
  'sent_size_th': 400,
  'sh_logit_func': 'tri_linear',
  'share_cnn_weights': True,
  'share_lstm_weights': True,
  'shared_path': '',
  'single': False,
  'squash': False,
  'swap_memory': True,
  'test_num_batches': 0,
  'use_char_emb': True,
  'use_glove_for_unk': True,
  'use_word_emb': True,
  'val_num_batches': 100,
  'var_decay': 0.999,
  'vis': False,
  'wd': 0.0,
  'word_count_th': 10,
  'word_emb_size': 100,
  'word_size_th': 16,
  'word_vocab_size': 51}
Loaded 67/67 examples from test
{ 'answer_dir': 'out/lr-100-0.6/basic/00/answer',
  'answer_func': 'linear',
  'answer_path': '',
  'batch_size': 60,
  'c2q_att': True,
  'char_count_th': 50,
  'char_emb_size': 8,
  'char_out_size': 100,
  'char_vocab_size': 78,
  'cluster': True,
  'cpu_opt': False,
  'data_dir': 'data/newsqa_debug_100',
  'data_filter': 'max',
  'debug': False,
  'decay': 0.9,
  'device': '/cpu:0',
  'device_type': 'gpu',
  'dump_answer': True,
  'dump_eval': True,
  'dump_pickle': True,
  'dynamic_att': False,
  'eval': True,
  'eval_dir': 'out/lr-100-0.6/basic/00/eval',
  'eval_path': '',
  'eval_period': 1000,
  'filter_heights': '5',
  'finetune': False,
  'forward_name': 'single',
  'hidden_size': 100,
  'highway': True,
  'highway_num_layers': 2,
  'init_lr': 0.6,
  'input_keep_prob': 0.8,
  'keep_prob': 0.8,
  'known_if_glove': True,
  'len_opt': True,
  'load': True,
  'load_ema': True,
  'load_path': '',
  'load_step': 0,
  'log_dir': 'out/lr-100-0.6/basic/00/log',
  'log_period': 100,
  'logit_func': 'tri_linear',
  'lower_word': True,
  'max_num_sents': 1,
  'max_para_size': 1177,
  'max_ques_size': 13,
  'max_sent_size': 1177,
  'max_to_keep': 20,
  'max_word_size': 16,
  'mode': 'test',
  'model_name': 'basic',
  'new_emb_mat': array([[-0.31416  , -0.70232  ,  0.34693  , ...,  0.29867  ,  1.0032   ,
         0.15994  ],
       [-0.36519  ,  0.65807  , -0.5741   , ...,  0.22304  ,  1.0013   ,
         0.80613  ],
       [-0.33698  ,  0.21659  ,  0.025485 , ...,  0.38043  ,  0.28166  ,
        -0.074384 ],
       ...,
       [-0.59423  , -0.059867 ,  0.019948 , ...,  0.30541  , -0.41905  ,
        -0.33201  ],
       [-1.0889   ,  0.15505  ,  0.31952  , ..., -0.53891  , -0.042026 ,
        -0.21763  ],
       [-0.0074718,  0.7773   ,  1.1672   , ...,  0.07599  ,  0.44451  ,
         0.09861  ]], dtype=float32),
  'num_epochs': 12,
  'num_gpus': 1,
  'num_sents_th': 8,
  'num_steps': 20000,
  'out_base_dir': 'out/lr-100-0.6',
  'out_channel_dims': '100',
  'out_dir': 'out/lr-100-0.6/basic/00',
  'para_size_th': 256,
  'progress': True,
  'q2c_att': True,
  'ques_size_th': 30,
  'run_id': '0',
  'save_dir': 'out/lr-100-0.6/basic/00/save',
  'save_period': 1000,
  'sent_size_th': 400,
  'sh_logit_func': 'tri_linear',
  'share_cnn_weights': True,
  'share_lstm_weights': True,
  'shared_path': '',
  'single': False,
  'squash': False,
  'swap_memory': True,
  'test_num_batches': 0,
  'use_char_emb': True,
  'use_glove_for_unk': True,
  'use_word_emb': True,
  'val_num_batches': 100,
  'var_decay': 0.999,
  'vis': False,
  'wd': 0.0,
  'word_count_th': 10,
  'word_emb_size': 100,
  'word_size_th': 16,
  'word_vocab_size': 51}
Loading saved model from out/lr-100-0.6/basic/00/save/basic-10000
test step 10000: accuracy=0.0000, f1=0.0263, loss=33.4633
dumping answer ...
dumping eval ...
