Loaded 809/973 examples from train
Loaded 84/102 examples from dev
{ 'answer_dir': 'out/lr-100-0.7/basic/00/answer',
  'answer_func': 'linear',
  'answer_path': '',
  'batch_size': 60,
  'c2q_att': True,
  'char_count_th': 50,
  'char_emb_size': 8,
  'char_out_size': 100,
  'char_vocab_size': 78,
  'cluster': True,
  'cpu_opt': False,
  'data_dir': 'data/newsqa_debug_100',
  'data_filter': 'max',
  'debug': False,
  'decay': 0.9,
  'device': '/cpu:0',
  'device_type': 'gpu',
  'dump_answer': True,
  'dump_eval': True,
  'dump_pickle': True,
  'dynamic_att': False,
  'emb_mat': array([[ 0.35180582,  0.55128558, -0.24700064, ...,  1.55479368,
         1.79327747, -0.23602451],
       [-0.3107009 ,  0.15847513, -0.03615222, ..., -0.03942179,
        -1.40944329, -1.0308183 ],
       [ 0.29543012,  0.18250794,  1.72466711, ...,  0.10461987,
         0.54402792, -0.61257287],
       ...,
       [ 3.24969654, -1.39170442,  0.07329072, ..., -0.69860212,
        -0.95519986, -0.54863953],
       [-0.82398781, -0.59378734, -1.02115005, ..., -0.29942768,
         0.56664999,  1.29134983],
       [-0.92076414, -1.19204315,  0.36417591, ..., -0.45395683,
        -0.69195817,  0.09021187]]),
  'eval': True,
  'eval_dir': 'out/lr-100-0.7/basic/00/eval',
  'eval_path': '',
  'eval_period': 1000,
  'filter_heights': '5',
  'finetune': False,
  'forward_name': 'single',
  'hidden_size': 100,
  'highway': True,
  'highway_num_layers': 2,
  'init_lr': 0.7,
  'input_keep_prob': 0.8,
  'keep_prob': 0.8,
  'known_if_glove': True,
  'len_opt': True,
  'load': False,
  'load_ema': True,
  'load_path': '',
  'load_step': 0,
  'log_dir': 'out/lr-100-0.7/basic/00/log',
  'log_period': 100,
  'logit_func': 'tri_linear',
  'lower_word': True,
  'max_num_sents': 1,
  'max_para_size': 256,
  'max_ques_size': 24,
  'max_sent_size': 400,
  'max_to_keep': 20,
  'max_word_size': 16,
  'mode': 'train',
  'model_name': 'basic',
  'num_epochs': 12,
  'num_gpus': 1,
  'num_sents_th': 8,
  'num_steps': 10000,
  'out_base_dir': 'out/lr-100-0.7',
  'out_channel_dims': '100',
  'out_dir': 'out/lr-100-0.7/basic/00',
  'para_size_th': 256,
  'progress': True,
  'q2c_att': True,
  'ques_size_th': 30,
  'run_id': '0',
  'save_dir': 'out/lr-100-0.7/basic/00/save',
  'save_period': 1000,
  'sent_size_th': 400,
  'sh_logit_func': 'tri_linear',
  'share_cnn_weights': True,
  'share_lstm_weights': True,
  'shared_path': '',
  'single': False,
  'squash': False,
  'swap_memory': True,
  'test_num_batches': 0,
  'use_char_emb': True,
  'use_glove_for_unk': True,
  'use_word_emb': True,
  'val_num_batches': 100,
  'var_decay': 0.999,
  'vis': False,
  'wd': 0.0,
  'word_count_th': 10,
  'word_emb_size': 100,
  'word_size_th': 16,
  'word_vocab_size': 51}
Loaded 67/67 examples from test
{ 'answer_dir': 'out/lr-100-0.7/basic/00/answer',
  'answer_func': 'linear',
  'answer_path': '',
  'batch_size': 60,
  'c2q_att': True,
  'char_count_th': 50,
  'char_emb_size': 8,
  'char_out_size': 100,
  'char_vocab_size': 78,
  'cluster': True,
  'cpu_opt': False,
  'data_dir': 'data/newsqa_debug_100',
  'data_filter': 'max',
  'debug': False,
  'decay': 0.9,
  'device': '/cpu:0',
  'device_type': 'gpu',
  'dump_answer': True,
  'dump_eval': True,
  'dump_pickle': True,
  'dynamic_att': False,
  'eval': True,
  'eval_dir': 'out/lr-100-0.7/basic/00/eval',
  'eval_path': '',
  'eval_period': 1000,
  'filter_heights': '5',
  'finetune': False,
  'forward_name': 'single',
  'hidden_size': 100,
  'highway': True,
  'highway_num_layers': 2,
  'init_lr': 0.7,
  'input_keep_prob': 0.8,
  'keep_prob': 0.8,
  'known_if_glove': True,
  'len_opt': True,
  'load': True,
  'load_ema': True,
  'load_path': '',
  'load_step': 0,
  'log_dir': 'out/lr-100-0.7/basic/00/log',
  'log_period': 100,
  'logit_func': 'tri_linear',
  'lower_word': True,
  'max_num_sents': 1,
  'max_para_size': 1177,
  'max_ques_size': 13,
  'max_sent_size': 1177,
  'max_to_keep': 20,
  'max_word_size': 16,
  'mode': 'test',
  'model_name': 'basic',
  'new_emb_mat': array([[-0.17047 ,  0.4037  ,  0.21069 , ..., -0.67179 ,  0.31645 ,
         0.50594 ],
       [-0.26269 ,  0.6424  ,  0.84803 , ...,  0.2759  ,  0.22535 ,
         0.23229 ],
       [ 0.26572 ,  0.034857,  0.49055 , ...,  0.39124 ,  0.98232 ,
         0.069209],
       ...,
       [-0.36519 ,  0.65807 , -0.5741  , ...,  0.22304 ,  1.0013  ,
         0.80613 ],
       [ 0.29772 , -0.7197  ,  0.74861 , ..., -0.15904 ,  0.68975 ,
         0.28131 ],
       [ 0.12177 ,  0.039325, -0.16448 , ..., -0.096766,  0.30823 ,
        -0.15651 ]], dtype=float32),
  'num_epochs': 12,
  'num_gpus': 1,
  'num_sents_th': 8,
  'num_steps': 20000,
  'out_base_dir': 'out/lr-100-0.7',
  'out_channel_dims': '100',
  'out_dir': 'out/lr-100-0.7/basic/00',
  'para_size_th': 256,
  'progress': True,
  'q2c_att': True,
  'ques_size_th': 30,
  'run_id': '0',
  'save_dir': 'out/lr-100-0.7/basic/00/save',
  'save_period': 1000,
  'sent_size_th': 400,
  'sh_logit_func': 'tri_linear',
  'share_cnn_weights': True,
  'share_lstm_weights': True,
  'shared_path': '',
  'single': False,
  'squash': False,
  'swap_memory': True,
  'test_num_batches': 0,
  'use_char_emb': True,
  'use_glove_for_unk': True,
  'use_word_emb': True,
  'val_num_batches': 100,
  'var_decay': 0.999,
  'vis': False,
  'wd': 0.0,
  'word_count_th': 10,
  'word_emb_size': 100,
  'word_size_th': 16,
  'word_vocab_size': 51}
Loading saved model from out/lr-100-0.7/basic/00/save/basic-10000
test step 10000: accuracy=0.0000, f1=0.0083, loss=27.4584
dumping answer ...
dumping eval ...
