Loaded 809/973 examples from train
Loaded 84/102 examples from dev
{ 'answer_dir': 'out/lr-100-0.65/basic/00/answer',
  'answer_func': 'linear',
  'answer_path': '',
  'batch_size': 60,
  'c2q_att': True,
  'char_count_th': 50,
  'char_emb_size': 8,
  'char_out_size': 100,
  'char_vocab_size': 78,
  'cluster': True,
  'cpu_opt': False,
  'data_dir': 'data/newsqa_debug_100',
  'data_filter': 'max',
  'debug': False,
  'decay': 0.9,
  'device': '/cpu:0',
  'device_type': 'gpu',
  'dump_answer': True,
  'dump_eval': True,
  'dump_pickle': True,
  'dynamic_att': False,
  'emb_mat': array([[ 1.01611461, -0.65473146,  0.97065445, ...,  0.80048834,
        -0.93431988, -0.36403419],
       [-0.1772961 ,  2.21640677,  1.15476356, ..., -0.28735007,
        -2.02782511, -0.73755823],
       [-0.25374885,  1.15156871, -0.3550982 , ...,  0.02452051,
        -1.05931486, -0.18554443],
       ...,
       [ 1.03359679, -1.09558931,  0.38350507, ..., -0.48870134,
         1.05044014,  0.3783719 ],
       [ 0.70065013, -1.09594265,  0.2933406 , ...,  0.6435519 ,
        -0.08410366, -0.38505228],
       [ 1.34264803,  1.01064583,  0.01435473, ..., -1.54527635,
        -0.23982999,  0.75439111]]),
  'eval': True,
  'eval_dir': 'out/lr-100-0.65/basic/00/eval',
  'eval_path': '',
  'eval_period': 1000,
  'filter_heights': '5',
  'finetune': False,
  'forward_name': 'single',
  'hidden_size': 100,
  'highway': True,
  'highway_num_layers': 2,
  'init_lr': 0.65,
  'input_keep_prob': 0.8,
  'keep_prob': 0.8,
  'known_if_glove': True,
  'len_opt': True,
  'load': False,
  'load_ema': True,
  'load_path': '',
  'load_step': 0,
  'log_dir': 'out/lr-100-0.65/basic/00/log',
  'log_period': 100,
  'logit_func': 'tri_linear',
  'lower_word': True,
  'max_num_sents': 1,
  'max_para_size': 256,
  'max_ques_size': 24,
  'max_sent_size': 400,
  'max_to_keep': 20,
  'max_word_size': 16,
  'mode': 'train',
  'model_name': 'basic',
  'num_epochs': 12,
  'num_gpus': 1,
  'num_sents_th': 8,
  'num_steps': 10000,
  'out_base_dir': 'out/lr-100-0.65',
  'out_channel_dims': '100',
  'out_dir': 'out/lr-100-0.65/basic/00',
  'para_size_th': 256,
  'progress': True,
  'q2c_att': True,
  'ques_size_th': 30,
  'run_id': '0',
  'save_dir': 'out/lr-100-0.65/basic/00/save',
  'save_period': 1000,
  'sent_size_th': 400,
  'sh_logit_func': 'tri_linear',
  'share_cnn_weights': True,
  'share_lstm_weights': True,
  'shared_path': '',
  'single': False,
  'squash': False,
  'swap_memory': True,
  'test_num_batches': 0,
  'use_char_emb': True,
  'use_glove_for_unk': True,
  'use_word_emb': True,
  'val_num_batches': 100,
  'var_decay': 0.999,
  'vis': False,
  'wd': 0.0,
  'word_count_th': 10,
  'word_emb_size': 100,
  'word_size_th': 16,
  'word_vocab_size': 51}
Loaded 67/67 examples from test
{ 'answer_dir': 'out/lr-100-0.65/basic/00/answer',
  'answer_func': 'linear',
  'answer_path': '',
  'batch_size': 60,
  'c2q_att': True,
  'char_count_th': 50,
  'char_emb_size': 8,
  'char_out_size': 100,
  'char_vocab_size': 78,
  'cluster': True,
  'cpu_opt': False,
  'data_dir': 'data/newsqa_debug_100',
  'data_filter': 'max',
  'debug': False,
  'decay': 0.9,
  'device': '/cpu:0',
  'device_type': 'gpu',
  'dump_answer': True,
  'dump_eval': True,
  'dump_pickle': True,
  'dynamic_att': False,
  'eval': True,
  'eval_dir': 'out/lr-100-0.65/basic/00/eval',
  'eval_path': '',
  'eval_period': 1000,
  'filter_heights': '5',
  'finetune': False,
  'forward_name': 'single',
  'hidden_size': 100,
  'highway': True,
  'highway_num_layers': 2,
  'init_lr': 0.65,
  'input_keep_prob': 0.8,
  'keep_prob': 0.8,
  'known_if_glove': True,
  'len_opt': True,
  'load': True,
  'load_ema': True,
  'load_path': '',
  'load_step': 0,
  'log_dir': 'out/lr-100-0.65/basic/00/log',
  'log_period': 100,
  'logit_func': 'tri_linear',
  'lower_word': True,
  'max_num_sents': 1,
  'max_para_size': 1177,
  'max_ques_size': 13,
  'max_sent_size': 1177,
  'max_to_keep': 20,
  'max_word_size': 16,
  'mode': 'test',
  'model_name': 'basic',
  'new_emb_mat': array([[-0.55286  , -0.074632 , -0.5408   , ..., -0.83733  , -0.45326  ,
        -0.73695  ],
       [-0.083012 , -0.74463  ,  0.36394  , ...,  0.10641  ,  0.43051  ,
        -0.036887 ],
       [-0.20048  ,  0.3965   ,  0.41972  , ..., -0.037167 ,  0.19696  ,
         0.061643 ],
       ...,
       [ 0.15711  ,  0.65606  ,  0.0021149, ..., -0.60615  ,  0.71005  ,
         0.41469  ],
       [-0.18448  , -0.24958  , -0.37156  , ...,  0.23413  ,  0.13077  ,
        -0.48061  ],
       [ 0.094047 , -0.59652  ,  0.0016443, ..., -0.075774 , -0.23243  ,
         0.57533  ]], dtype=float32),
  'num_epochs': 12,
  'num_gpus': 1,
  'num_sents_th': 8,
  'num_steps': 20000,
  'out_base_dir': 'out/lr-100-0.65',
  'out_channel_dims': '100',
  'out_dir': 'out/lr-100-0.65/basic/00',
  'para_size_th': 256,
  'progress': True,
  'q2c_att': True,
  'ques_size_th': 30,
  'run_id': '0',
  'save_dir': 'out/lr-100-0.65/basic/00/save',
  'save_period': 1000,
  'sent_size_th': 400,
  'sh_logit_func': 'tri_linear',
  'share_cnn_weights': True,
  'share_lstm_weights': True,
  'shared_path': '',
  'single': False,
  'squash': False,
  'swap_memory': True,
  'test_num_batches': 0,
  'use_char_emb': True,
  'use_glove_for_unk': True,
  'use_word_emb': True,
  'val_num_batches': 100,
  'var_decay': 0.999,
  'vis': False,
  'wd': 0.0,
  'word_count_th': 10,
  'word_emb_size': 100,
  'word_size_th': 16,
  'word_vocab_size': 51}
Loading saved model from out/lr-100-0.65/basic/00/save/basic-10000
test step 10000: accuracy=0.0149, f1=0.0515, loss=26.1348
dumping answer ...
dumping eval ...
